Log file open, 01/17/19 16:09:28
LogWindows: Failed to load 'aqProf.dll' (GetLastError=126)
LogWindows: File 'aqProf.dll' does not exist
LogWindows: Failed to load 'VtuneApi.dll' (GetLastError=126)
LogWindows: File 'VtuneApi.dll' does not exist
LogWindows: Failed to load 'VtuneApi32e.dll' (GetLastError=126)
LogWindows: File 'VtuneApi32e.dll' does not exist
LogConsoleResponse: Display: Failed to find resolution value strings in scalability ini. Falling back to default.
LogInit: Display: Running engine for game: ARPG_demoreel
LogPakFile: Registered encryption key '00000000000000000000000000000000': 0 pak files mounted, 0 remain pending
LogPlatformFile: Not using cached read wrapper
LogTaskGraph: Started task graph with 5 named threads and 23 total threads with 3 sets of task threads.
LogStats: Stats thread started at 4.552346
LogD3D11RHI: Loaded GFSDK_Aftermath_Lib.x64.dll
LogICUInternationalization: ICU TimeZone Detection - Raw Offset: +1:00, Platform Override: ''
LogPluginManager: Mounting plugin Paper2D
LogPluginManager: Mounting plugin AISupport
LogPluginManager: Mounting plugin LightPropagationVolume
LogPluginManager: Mounting plugin ActorLayerUtilities
LogPluginManager: Mounting plugin CLionSourceCodeAccess
LogPluginManager: Mounting plugin CodeLiteSourceCodeAccess
LogPluginManager: Mounting plugin GitSourceControl
LogPluginManager: Mounting plugin KDevelopSourceCodeAccess
LogPluginManager: Mounting plugin NullSourceCodeAccess
LogPluginManager: Mounting plugin PerforceSourceControl
LogPluginManager: Mounting plugin SubversionSourceControl
LogPluginManager: Mounting plugin UObjectPlugin
LogPluginManager: Mounting plugin VisualStudioCodeSourceCodeAccess
LogPluginManager: Mounting plugin VisualStudioSourceCodeAccess
LogPluginManager: Mounting plugin XCodeSourceCodeAccess
LogPluginManager: Mounting plugin AssetManagerEditor
LogPluginManager: Mounting plugin CryptoKeys
LogPluginManager: Mounting plugin DataValidation
LogPluginManager: Mounting plugin FacialAnimation
LogPluginManager: Mounting plugin GameplayTagsEditor
LogPluginManager: Mounting plugin MacGraphicsSwitching
LogPluginManager: Mounting plugin MeshEditor
LogPluginManager: Mounting plugin MobileLauncherProfileWizard
LogPluginManager: Mounting plugin PluginBrowser
LogPluginManager: Mounting plugin SpeedTreeImporter
LogPluginManager: Mounting plugin DatasmithContent
LogPluginManager: Mounting plugin VariantManagerContent
LogPluginManager: Mounting plugin AlembicImporter
LogPluginManager: Mounting plugin AppleImageUtils
LogPluginManager: Mounting plugin AppleVision
LogPluginManager: Mounting plugin BackChannel
LogPluginManager: Mounting plugin CharacterAI
LogPluginManager: Mounting plugin GeometryCache
LogPluginManager: Mounting plugin HTML5Networking
LogPluginManager: Mounting plugin ProxyLODPlugin
LogPluginManager: Mounting plugin MagicLeap
LogPluginManager: Mounting plugin MagicLeapMedia
LogPluginManager: Mounting plugin AndroidMedia
LogPluginManager: Mounting plugin AvfMedia
LogPluginManager: Mounting plugin ImgMedia
LogPluginManager: Mounting plugin LinearTimecode
LogPluginManager: Mounting plugin MediaCompositing
LogPluginManager: Mounting plugin MediaPlayerEditor
LogPluginManager: Mounting plugin WebMMedia
LogPluginManager: Mounting plugin WmfMedia
LogPluginManager: Mounting plugin TcpMessaging
LogPluginManager: Mounting plugin UdpMessaging
LogPluginManager: Mounting plugin ActorSequence
LogPluginManager: Mounting plugin LevelSequenceEditor
LogPluginManager: Mounting plugin MatineeToLevelSequence
LogPluginManager: Mounting plugin NetcodeUnitTest
LogPluginManager: Mounting plugin NUTUnrealEngine4
LogPluginManager: Mounting plugin OnlineSubsystemGooglePlay
LogPluginManager: Mounting plugin OnlineSubsystemIOS
LogPluginManager: Mounting plugin OnlineSubsystem
LogPluginManager: Mounting plugin OnlineSubsystemNull
LogPluginManager: Mounting plugin OnlineSubsystemUtils
LogPluginManager: Mounting plugin LauncherChunkInstaller
LogPluginManager: Mounting plugin AndroidDeviceProfileSelector
LogPluginManager: Mounting plugin AndroidMoviePlayer
LogPluginManager: Mounting plugin AndroidPermission
LogPluginManager: Mounting plugin AppleMoviePlayer
LogPluginManager: Mounting plugin ArchVisCharacter
LogPluginManager: Mounting plugin AudioCapture
LogPluginManager: Mounting plugin CableComponent
LogPluginManager: Mounting plugin CustomMeshComponent
LogPluginManager: Mounting plugin EditableMesh
LogPluginManager: Mounting plugin ExampleDeviceProfileSelector
LogPluginManager: Mounting plugin Firebase
LogPluginManager: Mounting plugin GoogleCloudMessaging
LogPluginManager: Mounting plugin IOSDeviceProfileSelector
LogPluginManager: Mounting plugin LinuxDeviceProfileSelector
LogPluginManager: Mounting plugin LocationServicesBPLibrary
LogPluginManager: Mounting plugin MobilePatchingUtils
LogPluginManager: Mounting plugin OculusVR
LogPluginManager: Mounting plugin PhysXVehicles
LogPluginManager: Mounting plugin ProceduralMeshComponent
LogPluginManager: Mounting plugin RuntimePhysXCooking
LogPluginManager: Mounting plugin SteamVR
LogPluginManager: Mounting plugin WebMMoviePlayer
LogPluginManager: Mounting plugin WindowsMoviePlayer
LogStreaming: Display: Took  0.393s to configure plugins.
LogInit: Using libcurl 7.55.1-DEV
LogInit:  - built for x86_64-pc-win32
LogInit:  - supports SSL with OpenSSL/1.0.2h
LogInit:  - supports HTTP deflate (compression) using libz 1.2.8
LogInit:  - other features:
LogInit:      CURL_VERSION_SSL
LogInit:      CURL_VERSION_LIBZ
LogInit:      CURL_VERSION_IPV6
LogInit:      CURL_VERSION_ASYNCHDNS
LogInit:      CURL_VERSION_LARGEFILE
LogInit:      CURL_VERSION_IDN
LogInit:  CurlRequestOptions (configurable via config and command line):
LogInit:  - bVerifyPeer = true  - Libcurl will verify peer certificate
LogInit:  - bUseHttpProxy = false  - Libcurl will NOT use HTTP proxy
LogInit:  - bDontReuseConnections = false  - Libcurl will reuse connections
LogInit:  - MaxHostConnections = 16  - Libcurl will limit the number of connections to a host
LogInit:  - LocalHostAddr = Default
LogInit:  - BufferSize = 65536
LogInit: WinSock: version 1.1 (2.2), MaxSocks=32767, MaxUdp=65467
LogInit: Build: ++UE4+Release-4.21-CL-4613538
LogInit: Engine Version: 4.21.1-4613538+++UE4+Release-4.21
LogInit: Compatible Engine Version: 4.21.0-4541578+++UE4+Release-4.21
LogInit: Net CL: 4541578
LogInit: OS: Windows 10 (), CPU: Intel(R) Core(TM) i7-6700K CPU @ 4.00GHz, GPU: NVIDIA GeForce GTX 1080
LogInit: Compiled (64-bit): Nov 30 2018 04:13:25
LogInit: Compiled with Visual C++: 19.13.26129.00
LogInit: Build Configuration: Development
LogInit: Branch Name: ++UE4+Release-4.21
LogInit: Command Line: 
LogInit: Base Directory: F:/Epic Games/UE_4.21/Engine/Binaries/Win64/
LogInit: Installed Engine Build: 1
LogDevObjectVersion: Number of dev versions registered: 22
LogDevObjectVersion:   Dev-Blueprints (B0D832E4-1F89-4F0D-ACCF-7EB736FD4AA2): 10
LogDevObjectVersion:   Dev-Build (E1C64328-A22C-4D53-A36C-8E866417BD8C): 0
LogDevObjectVersion:   Dev-Core (375EC13C-06E4-48FB-B500-84F0262A717E): 2
LogDevObjectVersion:   Dev-Editor (E4B068ED-F494-42E9-A231-DA0B2E46BB41): 26
LogDevObjectVersion:   Dev-Framework (CFFC743F-43B0-4480-9391-14DF171D2073): 34
LogDevObjectVersion:   Dev-Mobile (B02B49B5-BB20-44E9-A304-32B752E40360): 2
LogDevObjectVersion:   Dev-Networking (A4E4105C-59A1-49B5-A7C5-40C4547EDFEE): 0
LogDevObjectVersion:   Dev-Online (39C831C9-5AE6-47DC-9A44-9C173E1C8E7C): 0
LogDevObjectVersion:   Dev-Physics (78F01B33-EBEA-4F98-B9B4-84EACCB95AA2): 0
LogDevObjectVersion:   Dev-Platform (6631380F-2D4D-43E0-8009-CF276956A95A): 0
LogDevObjectVersion:   Dev-Rendering (12F88B9F-8875-4AFC-A67C-D90C383ABD29): 27
LogDevObjectVersion:   Dev-Sequencer (7B5AE74C-D270-4C10-A958-57980B212A5A): 9
LogDevObjectVersion:   Dev-VR (D7296918-1DD6-4BDD-9DE2-64A83CC13884): 2
LogDevObjectVersion:   Dev-LoadTimes (C2A15278-BFE7-4AFE-6C17-90FF531DF755): 1
LogDevObjectVersion:   Private-Geometry (6EACA3D4-40EC-4CC1-B786-8BED09428FC5): 3
LogDevObjectVersion:   Dev-AnimPhys (29E575DD-E0A3-4627-9D10-D276232CDCEA): 17
LogDevObjectVersion:   Dev-Anim (AF43A65D-7FD3-4947-9873-3E8ED9C1BB05): 2
LogDevObjectVersion:   Dev-ReflectionCapture (6B266CEC-1EC7-4B8F-A30B-E4D90942FC07): 1
LogDevObjectVersion:   Dev-Automation (0DF73D61-A23F-47EA-B727-89E90C41499A): 1
LogDevObjectVersion:   FortniteMain (601D1886-AC64-4F84-AA16-D3DE0DEAC7D6): 17
LogDevObjectVersion:   Dev-Enterprise (9DFFBCD6-494F-0158-E221-12823C92A888): 4
LogDevObjectVersion:   Dev-Niagara (F2AED0AC-9AFE-416F-8664-AA7FFA26D6FC): 1
LogStreaming: Display: Took  0.025s to delete old logs.
LogInit: Presizing for max 8388607 objects, including 0 objects not considered by GC, pre-allocating 0 bytes for permanent pool.
LogInit: Object subsystem initialized
LogConfig: Setting CVar [[con.DebugEarlyDefault:1]]
LogConfig: Setting CVar [[r.setres:1280x720]]
[2019.01.17-15.09.30:627][  0]LogConfig: Setting CVar [[r.VSync:0]]
[2019.01.17-15.09.30:627][  0]LogConfig: Setting CVar [[r.RHICmdBypass:0]]
[2019.01.17-15.09.30:627][  0]LogConfig: Applying CVar settings from Section [/Script/Engine.RendererSettings] File [F:/GitHub/ARPG_demoreel/ARPG_demoreel/Saved/Config/Windows/Engine.ini]
[2019.01.17-15.09.30:627][  0]LogConfig: Setting CVar [[r.GPUCrashDebugging:0]]
[2019.01.17-15.09.30:627][  0]LogConfig: Applying CVar settings from Section [/Script/Engine.RendererOverrideSettings] File [F:/GitHub/ARPG_demoreel/ARPG_demoreel/Saved/Config/Windows/Engine.ini]
[2019.01.17-15.09.30:627][  0]LogConfig: Applying CVar settings from Section [/Script/Engine.StreamingSettings] File [F:/GitHub/ARPG_demoreel/ARPG_demoreel/Saved/Config/Windows/Engine.ini]
[2019.01.17-15.09.30:627][  0]LogConfig: Setting CVar [[s.MinBulkDataSizeForAsyncLoading:131072]]
[2019.01.17-15.09.30:627][  0]LogConfig: Setting CVar [[s.AsyncLoadingThreadEnabled:0]]
[2019.01.17-15.09.30:627][  0]LogConfig: Setting CVar [[s.EventDrivenLoaderEnabled:1]]
[2019.01.17-15.09.30:627][  0]LogConfig: Setting CVar [[s.WarnIfTimeLimitExceeded:0]]
[2019.01.17-15.09.30:627][  0]LogConfig: Setting CVar [[s.TimeLimitExceededMultiplier:1.5]]
[2019.01.17-15.09.30:627][  0]LogConfig: Setting CVar [[s.TimeLimitExceededMinTime:0.005]]
[2019.01.17-15.09.30:627][  0]LogConfig: Setting CVar [[s.UseBackgroundLevelStreaming:1]]
[2019.01.17-15.09.30:627][  0]LogConfig: Setting CVar [[s.PriorityAsyncLoadingExtraTime:15.0]]
[2019.01.17-15.09.30:627][  0]LogConfig: Setting CVar [[s.LevelStreamingActorsUpdateTimeLimit:5.0]]
[2019.01.17-15.09.30:627][  0]LogConfig: Setting CVar [[s.PriorityLevelStreamingActorsUpdateExtraTime:5.0]]
[2019.01.17-15.09.30:627][  0]LogConfig: Setting CVar [[s.LevelStreamingComponentsRegistrationGranularity:10]]
[2019.01.17-15.09.30:627][  0]LogConfig: Setting CVar [[s.UnregisterComponentsTimeLimit:1.0]]
[2019.01.17-15.09.30:627][  0]LogConfig: Setting CVar [[s.LevelStreamingComponentsUnregistrationGranularity:5]]
[2019.01.17-15.09.30:627][  0]LogConfig: Applying CVar settings from Section [/Script/Engine.GarbageCollectionSettings] File [F:/GitHub/ARPG_demoreel/ARPG_demoreel/Saved/Config/Windows/Engine.ini]
[2019.01.17-15.09.30:627][  0]LogConfig: Setting CVar [[gc.MaxObjectsNotConsideredByGC:1]]
[2019.01.17-15.09.30:627][  0]LogConfig: Setting CVar [[gc.SizeOfPermanentObjectPool:0]]
[2019.01.17-15.09.30:627][  0]LogConfig: Setting CVar [[gc.FlushStreamingOnGC:0]]
[2019.01.17-15.09.30:628][  0]LogConfig: Setting CVar [[gc.NumRetriesBeforeForcingGC:10]]
[2019.01.17-15.09.30:628][  0]LogConfig: Setting CVar [[gc.AllowParallelGC:1]]
[2019.01.17-15.09.30:628][  0]LogConfig: Setting CVar [[gc.TimeBetweenPurgingPendingKillObjects:61.1]]
[2019.01.17-15.09.30:628][  0]LogConfig: Setting CVar [[gc.MaxObjectsInEditor:8388607]]
[2019.01.17-15.09.30:628][  0]LogConfig: Setting CVar [[gc.IncrementalBeginDestroyEnabled:1]]
[2019.01.17-15.09.30:628][  0]LogConfig: Setting CVar [[gc.CreateGCClusters:1]]
[2019.01.17-15.09.30:628][  0]LogConfig: Setting CVar [[gc.MergeGCClusters:0]]
[2019.01.17-15.09.30:628][  0]LogConfig: Setting CVar [[gc.MinGCClusterSize:5]]
[2019.01.17-15.09.30:628][  0]LogConfig: Setting CVar [[gc.ActorClusteringEnabled:0]]
[2019.01.17-15.09.30:628][  0]LogConfig: Setting CVar [[gc.BlueprintClusteringEnabled:0]]
[2019.01.17-15.09.30:628][  0]LogConfig: Setting CVar [[gc.UseDisregardForGCOnDedicatedServers:0]]
[2019.01.17-15.09.30:628][  0]LogConfig: Applying CVar settings from Section [/Script/Engine.NetworkSettings] File [F:/GitHub/ARPG_demoreel/ARPG_demoreel/Saved/Config/Windows/Engine.ini]
[2019.01.17-15.09.30:628][  0]LogConfig: Applying CVar settings from Section [/Script/UnrealEd.CookerSettings] File [F:/GitHub/ARPG_demoreel/ARPG_demoreel/Saved/Config/Windows/Engine.ini]
[2019.01.17-15.09.30:705][  0]LogConfig: Applying CVar settings from Section [ViewDistanceQuality@3] File [F:/GitHub/ARPG_demoreel/ARPG_demoreel/Saved/Config/Windows/Scalability.ini]
[2019.01.17-15.09.30:705][  0]LogConfig: Setting CVar [[r.SkeletalMeshLODBias:0]]
[2019.01.17-15.09.30:705][  0]LogConfig: Setting CVar [[r.ViewDistanceScale:1.0]]
[2019.01.17-15.09.30:705][  0]LogConfig: Applying CVar settings from Section [AntiAliasingQuality@3] File [F:/GitHub/ARPG_demoreel/ARPG_demoreel/Saved/Config/Windows/Scalability.ini]
[2019.01.17-15.09.30:705][  0]LogConfig: Setting CVar [[r.PostProcessAAQuality:4]]
[2019.01.17-15.09.30:705][  0]LogConfig: Applying CVar settings from Section [ShadowQuality@3] File [F:/GitHub/ARPG_demoreel/ARPG_demoreel/Saved/Config/Windows/Scalability.ini]
[2019.01.17-15.09.30:705][  0]LogConfig: Setting CVar [[r.LightFunctionQuality:1]]
[2019.01.17-15.09.30:705][  0]LogConfig: Setting CVar [[r.ShadowQuality:5]]
[2019.01.17-15.09.30:705][  0]LogConfig: Setting CVar [[r.Shadow.CSM.MaxCascades:10]]
[2019.01.17-15.09.30:706][  0]LogConfig: Setting CVar [[r.Shadow.MaxResolution:2048]]
[2019.01.17-15.09.30:706][  0]LogConfig: Setting CVar [[r.Shadow.MaxCSMResolution:2048]]
[2019.01.17-15.09.30:706][  0]LogConfig: Setting CVar [[r.Shadow.RadiusThreshold:0.01]]
[2019.01.17-15.09.30:706][  0]LogConfig: Setting CVar [[r.Shadow.DistanceScale:1.0]]
[2019.01.17-15.09.30:706][  0]LogConfig: Setting CVar [[r.Shadow.CSM.TransitionScale:1.0]]
[2019.01.17-15.09.30:706][  0]LogConfig: Setting CVar [[r.Shadow.PreShadowResolutionFactor:1.0]]
[2019.01.17-15.09.30:706][  0]LogConfig: Setting CVar [[r.DistanceFieldShadowing:1]]
[2019.01.17-15.09.30:706][  0]LogConfig: Setting CVar [[r.DistanceFieldAO:1]]
[2019.01.17-15.09.30:706][  0]LogConfig: Setting CVar [[r.AOQuality:2]]
[2019.01.17-15.09.30:706][  0]LogConfig: Setting CVar [[r.VolumetricFog:1]]
[2019.01.17-15.09.30:706][  0]LogConfig: Setting CVar [[r.VolumetricFog.GridPixelSize:8]]
[2019.01.17-15.09.30:706][  0]LogConfig: Setting CVar [[r.VolumetricFog.GridSizeZ:128]]
[2019.01.17-15.09.30:706][  0]LogConfig: Setting CVar [[r.VolumetricFog.HistoryMissSupersampleCount:4]]
[2019.01.17-15.09.30:706][  0]LogConfig: Setting CVar [[r.LightMaxDrawDistanceScale:1]]
[2019.01.17-15.09.30:706][  0]LogConfig: Setting CVar [[r.CapsuleShadows:1]]
[2019.01.17-15.09.30:706][  0]LogConfig: Applying CVar settings from Section [PostProcessQuality@3] File [F:/GitHub/ARPG_demoreel/ARPG_demoreel/Saved/Config/Windows/Scalability.ini]
[2019.01.17-15.09.30:706][  0]LogConfig: Setting CVar [[r.MotionBlurQuality:4]]
[2019.01.17-15.09.30:706][  0]LogConfig: Setting CVar [[r.AmbientOcclusionMipLevelFactor:0.4]]
[2019.01.17-15.09.30:706][  0]LogConfig: Setting CVar [[r.AmbientOcclusionMaxQuality:100]]
[2019.01.17-15.09.30:706][  0]LogConfig: Setting CVar [[r.AmbientOcclusionLevels:-1]]
[2019.01.17-15.09.30:706][  0]LogConfig: Setting CVar [[r.AmbientOcclusionRadiusScale:1.0]]
[2019.01.17-15.09.30:706][  0]LogConfig: Setting CVar [[r.DepthOfFieldQuality:2]]
[2019.01.17-15.09.30:706][  0]LogConfig: Setting CVar [[r.RenderTargetPoolMin:400]]
[2019.01.17-15.09.30:706][  0]LogConfig: Setting CVar [[r.LensFlareQuality:2]]
[2019.01.17-15.09.30:706][  0]LogConfig: Setting CVar [[r.SceneColorFringeQuality:1]]
[2019.01.17-15.09.30:706][  0]LogConfig: Setting CVar [[r.EyeAdaptationQuality:2]]
[2019.01.17-15.09.30:706][  0]LogConfig: Setting CVar [[r.BloomQuality:5]]
[2019.01.17-15.09.30:706][  0]LogConfig: Setting CVar [[r.FastBlurThreshold:100]]
[2019.01.17-15.09.30:706][  0]LogConfig: Setting CVar [[r.Upscale.Quality:3]]
[2019.01.17-15.09.30:706][  0]LogConfig: Setting CVar [[r.Tonemapper.GrainQuantization:1]]
[2019.01.17-15.09.30:706][  0]LogConfig: Setting CVar [[r.LightShaftQuality:1]]
[2019.01.17-15.09.30:706][  0]LogConfig: Setting CVar [[r.Filter.SizeScale:1]]
[2019.01.17-15.09.30:706][  0]LogConfig: Setting CVar [[r.Tonemapper.Quality:5]]
[2019.01.17-15.09.30:706][  0]LogConfig: Setting CVar [[r.DOF.Gather.AccumulatorQuality:1        ; higher gathering accumulator quality]]
[2019.01.17-15.09.30:706][  0]LogConfig: Setting CVar [[r.DOF.Gather.PostfilterMethod:1          ; Median3x3 postfilering method]]
[2019.01.17-15.09.30:706][  0]LogConfig: Setting CVar [[r.DOF.Gather.EnableBokehSettings:0       ; no bokeh simulation when gathering]]
[2019.01.17-15.09.30:706][  0]LogConfig: Setting CVar [[r.DOF.Gather.RingCount:4                 ; medium number of samples when gathering]]
[2019.01.17-15.09.30:706][  0]LogConfig: Setting CVar [[r.DOF.Scatter.ForegroundCompositing:1    ; additive foreground scattering]]
[2019.01.17-15.09.30:706][  0]LogConfig: Setting CVar [[r.DOF.Scatter.BackgroundCompositing:2    ; additive background scattering]]
[2019.01.17-15.09.30:706][  0]LogConfig: Setting CVar [[r.DOF.Scatter.EnableBokehSettings:1      ; bokeh simulation when scattering]]
[2019.01.17-15.09.30:706][  0]LogConfig: Setting CVar [[r.DOF.Scatter.MaxSpriteRatio:0.1         ; only a maximum of 10% of scattered bokeh]]
[2019.01.17-15.09.30:706][  0]LogConfig: Setting CVar [[r.DOF.Recombine.Quality:1                ; cheap slight out of focus]]
[2019.01.17-15.09.30:706][  0]LogConfig: Setting CVar [[r.DOF.Recombine.EnableBokehSettings:0    ; no bokeh simulation on slight out of focus]]
[2019.01.17-15.09.30:706][  0]LogConfig: Setting CVar [[r.DOF.TemporalAAQuality:1                ; more stable temporal accumulation]]
[2019.01.17-15.09.30:706][  0]LogConfig: Setting CVar [[r.DOF.Kernel.MaxForegroundRadius:0.025]]
[2019.01.17-15.09.30:706][  0]LogConfig: Setting CVar [[r.DOF.Kernel.MaxBackgroundRadius:0.025]]
[2019.01.17-15.09.30:706][  0]LogConfig: Applying CVar settings from Section [TextureQuality@3] File [F:/GitHub/ARPG_demoreel/ARPG_demoreel/Saved/Config/Windows/Scalability.ini]
[2019.01.17-15.09.30:706][  0]LogConfig: Setting CVar [[r.Streaming.MipBias:0]]
[2019.01.17-15.09.30:706][  0]LogConfig: Setting CVar [[r.Streaming.AmortizeCPUToGPUCopy:0]]
[2019.01.17-15.09.30:706][  0]LogConfig: Setting CVar [[r.Streaming.MaxNumTexturesToStreamPerFrame:0]]
[2019.01.17-15.09.30:706][  0]LogConfig: Setting CVar [[r.Streaming.Boost:1]]
[2019.01.17-15.09.30:706][  0]LogConfig: Setting CVar [[r.MaxAnisotropy:8]]
[2019.01.17-15.09.30:706][  0]LogConfig: Setting CVar [[r.Streaming.LimitPoolSizeToVRAM:0]]
[2019.01.17-15.09.30:706][  0]LogConfig: Setting CVar [[r.Streaming.PoolSize:1000]]
[2019.01.17-15.09.30:706][  0]LogConfig: Setting CVar [[r.Streaming.MaxEffectiveScreenSize:0]]
[2019.01.17-15.09.30:706][  0]LogConfig: Applying CVar settings from Section [EffectsQuality@3] File [F:/GitHub/ARPG_demoreel/ARPG_demoreel/Saved/Config/Windows/Scalability.ini]
[2019.01.17-15.09.30:706][  0]LogConfig: Setting CVar [[r.TranslucencyLightingVolumeDim:64]]
[2019.01.17-15.09.30:706][  0]LogConfig: Setting CVar [[r.RefractionQuality:2]]
[2019.01.17-15.09.30:706][  0]LogConfig: Setting CVar [[r.SSR.Quality:3]]
[2019.01.17-15.09.30:706][  0]LogConfig: Setting CVar [[r.SceneColorFormat:4]]
[2019.01.17-15.09.30:706][  0]LogConfig: Setting CVar [[r.DetailMode:2]]
[2019.01.17-15.09.30:706][  0]LogConfig: Setting CVar [[r.TranslucencyVolumeBlur:1]]
[2019.01.17-15.09.30:706][  0]LogConfig: Setting CVar [[r.MaterialQualityLevel:1 ; High quality]]
[2019.01.17-15.09.30:706][  0]LogConfig: Setting CVar [[r.SSS.Scale:1]]
[2019.01.17-15.09.30:706][  0]LogConfig: Setting CVar [[r.SSS.SampleSet:2]]
[2019.01.17-15.09.30:706][  0]LogConfig: Setting CVar [[r.SSS.Quality:1]]
[2019.01.17-15.09.30:706][  0]LogConfig: Setting CVar [[r.SSS.HalfRes:1]]
[2019.01.17-15.09.30:706][  0]LogConfig: Setting CVar [[r.EmitterSpawnRateScale:1.0]]
[2019.01.17-15.09.30:706][  0]LogConfig: Setting CVar [[r.ParticleLightQuality:2]]
[2019.01.17-15.09.30:706][  0]LogConfig: Applying CVar settings from Section [FoliageQuality@3] File [F:/GitHub/ARPG_demoreel/ARPG_demoreel/Saved/Config/Windows/Scalability.ini]
[2019.01.17-15.09.30:706][  0]LogConfig: Setting CVar [[foliage.DensityScale:1.0]]
[2019.01.17-15.09.30:706][  0]LogConfig: Setting CVar [[grass.DensityScale:1.0]]
[2019.01.17-15.09.30:718][  0]LogInit: Selected Device Profile: [Windows]
[2019.01.17-15.09.30:718][  0]LogInit: Applying CVar settings loaded from the selected device profile: [Windows]
[2019.01.17-15.09.30:781][  0]LogHAL: Display: Platform has ~ 16 GB [17025703936 / 17179869184 / 16], which maps to Larger [LargestMinGB=32, LargerMinGB=12, DefaultMinGB=8, SmallerMinGB=6, SmallestMinGB=0)
[2019.01.17-15.09.30:784][  0]LogConfig: Setting CVar [[r.Vulkan.UseRealUBs:1]]
[2019.01.17-15.09.30:784][  0]LogInit: Going up to parent DeviceProfile []
[2019.01.17-15.09.30:784][  0]LogConfig: Applying CVar settings from Section [ViewDistanceQuality@3] File [F:/GitHub/ARPG_demoreel/ARPG_demoreel/Saved/Config/Windows/Scalability.ini]
[2019.01.17-15.09.30:784][  0]LogConfig: Setting CVar [[r.SkeletalMeshLODBias:0]]
[2019.01.17-15.09.30:784][  0]LogConfig: Setting CVar [[r.ViewDistanceScale:1.0]]
[2019.01.17-15.09.30:785][  0]LogConfig: Applying CVar settings from Section [AntiAliasingQuality@3] File [F:/GitHub/ARPG_demoreel/ARPG_demoreel/Saved/Config/Windows/Scalability.ini]
[2019.01.17-15.09.30:785][  0]LogConfig: Setting CVar [[r.PostProcessAAQuality:4]]
[2019.01.17-15.09.30:785][  0]LogConfig: Applying CVar settings from Section [ShadowQuality@3] File [F:/GitHub/ARPG_demoreel/ARPG_demoreel/Saved/Config/Windows/Scalability.ini]
[2019.01.17-15.09.30:785][  0]LogConfig: Setting CVar [[r.LightFunctionQuality:1]]
[2019.01.17-15.09.30:785][  0]LogConfig: Setting CVar [[r.ShadowQuality:5]]
[2019.01.17-15.09.30:785][  0]LogConfig: Setting CVar [[r.Shadow.CSM.MaxCascades:10]]
[2019.01.17-15.09.30:785][  0]LogConfig: Setting CVar [[r.Shadow.MaxResolution:2048]]
[2019.01.17-15.09.30:785][  0]LogConfig: Setting CVar [[r.Shadow.MaxCSMResolution:2048]]
[2019.01.17-15.09.30:785][  0]LogConfig: Setting CVar [[r.Shadow.RadiusThreshold:0.01]]
[2019.01.17-15.09.30:785][  0]LogConfig: Setting CVar [[r.Shadow.DistanceScale:1.0]]
[2019.01.17-15.09.30:785][  0]LogConfig: Setting CVar [[r.Shadow.CSM.TransitionScale:1.0]]
[2019.01.17-15.09.30:785][  0]LogConfig: Setting CVar [[r.Shadow.PreShadowResolutionFactor:1.0]]
[2019.01.17-15.09.30:785][  0]LogConfig: Setting CVar [[r.DistanceFieldShadowing:1]]
[2019.01.17-15.09.30:785][  0]LogConfig: Setting CVar [[r.DistanceFieldAO:1]]
[2019.01.17-15.09.30:785][  0]LogConfig: Setting CVar [[r.AOQuality:2]]
[2019.01.17-15.09.30:785][  0]LogConfig: Setting CVar [[r.VolumetricFog:1]]
[2019.01.17-15.09.30:785][  0]LogConfig: Setting CVar [[r.VolumetricFog.GridPixelSize:8]]
[2019.01.17-15.09.30:785][  0]LogConfig: Setting CVar [[r.VolumetricFog.GridSizeZ:128]]
[2019.01.17-15.09.30:785][  0]LogConfig: Setting CVar [[r.VolumetricFog.HistoryMissSupersampleCount:4]]
[2019.01.17-15.09.30:785][  0]LogConfig: Setting CVar [[r.LightMaxDrawDistanceScale:1]]
[2019.01.17-15.09.30:785][  0]LogConfig: Setting CVar [[r.CapsuleShadows:1]]
[2019.01.17-15.09.30:785][  0]LogConfig: Applying CVar settings from Section [PostProcessQuality@3] File [F:/GitHub/ARPG_demoreel/ARPG_demoreel/Saved/Config/Windows/Scalability.ini]
[2019.01.17-15.09.30:785][  0]LogConfig: Setting CVar [[r.MotionBlurQuality:4]]
[2019.01.17-15.09.30:785][  0]LogConfig: Setting CVar [[r.AmbientOcclusionMipLevelFactor:0.4]]
[2019.01.17-15.09.30:785][  0]LogConfig: Setting CVar [[r.AmbientOcclusionMaxQuality:100]]
[2019.01.17-15.09.30:785][  0]LogConfig: Setting CVar [[r.AmbientOcclusionLevels:-1]]
[2019.01.17-15.09.30:785][  0]LogConfig: Setting CVar [[r.AmbientOcclusionRadiusScale:1.0]]
[2019.01.17-15.09.30:785][  0]LogConfig: Setting CVar [[r.DepthOfFieldQuality:2]]
[2019.01.17-15.09.30:785][  0]LogConfig: Setting CVar [[r.RenderTargetPoolMin:400]]
[2019.01.17-15.09.30:785][  0]LogConfig: Setting CVar [[r.LensFlareQuality:2]]
[2019.01.17-15.09.30:785][  0]LogConfig: Setting CVar [[r.SceneColorFringeQuality:1]]
[2019.01.17-15.09.30:785][  0]LogConfig: Setting CVar [[r.EyeAdaptationQuality:2]]
[2019.01.17-15.09.30:785][  0]LogConfig: Setting CVar [[r.BloomQuality:5]]
[2019.01.17-15.09.30:785][  0]LogConfig: Setting CVar [[r.FastBlurThreshold:100]]
[2019.01.17-15.09.30:785][  0]LogConfig: Setting CVar [[r.Upscale.Quality:3]]
[2019.01.17-15.09.30:785][  0]LogConfig: Setting CVar [[r.Tonemapper.GrainQuantization:1]]
[2019.01.17-15.09.30:785][  0]LogConfig: Setting CVar [[r.LightShaftQuality:1]]
[2019.01.17-15.09.30:785][  0]LogConfig: Setting CVar [[r.Filter.SizeScale:1]]
[2019.01.17-15.09.30:785][  0]LogConfig: Setting CVar [[r.Tonemapper.Quality:5]]
[2019.01.17-15.09.30:785][  0]LogConfig: Setting CVar [[r.DOF.Gather.AccumulatorQuality:1        ; higher gathering accumulator quality]]
[2019.01.17-15.09.30:785][  0]LogConfig: Setting CVar [[r.DOF.Gather.PostfilterMethod:1          ; Median3x3 postfilering method]]
[2019.01.17-15.09.30:785][  0]LogConfig: Setting CVar [[r.DOF.Gather.EnableBokehSettings:0       ; no bokeh simulation when gathering]]
[2019.01.17-15.09.30:785][  0]LogConfig: Setting CVar [[r.DOF.Gather.RingCount:4                 ; medium number of samples when gathering]]
[2019.01.17-15.09.30:785][  0]LogConfig: Setting CVar [[r.DOF.Scatter.ForegroundCompositing:1    ; additive foreground scattering]]
[2019.01.17-15.09.30:785][  0]LogConfig: Setting CVar [[r.DOF.Scatter.BackgroundCompositing:2    ; additive background scattering]]
[2019.01.17-15.09.30:785][  0]LogConfig: Setting CVar [[r.DOF.Scatter.EnableBokehSettings:1      ; bokeh simulation when scattering]]
[2019.01.17-15.09.30:785][  0]LogConfig: Setting CVar [[r.DOF.Scatter.MaxSpriteRatio:0.1         ; only a maximum of 10% of scattered bokeh]]
[2019.01.17-15.09.30:785][  0]LogConfig: Setting CVar [[r.DOF.Recombine.Quality:1                ; cheap slight out of focus]]
[2019.01.17-15.09.30:785][  0]LogConfig: Setting CVar [[r.DOF.Recombine.EnableBokehSettings:0    ; no bokeh simulation on slight out of focus]]
[2019.01.17-15.09.30:785][  0]LogConfig: Setting CVar [[r.DOF.TemporalAAQuality:1                ; more stable temporal accumulation]]
[2019.01.17-15.09.30:785][  0]LogConfig: Setting CVar [[r.DOF.Kernel.MaxForegroundRadius:0.025]]
[2019.01.17-15.09.30:785][  0]LogConfig: Setting CVar [[r.DOF.Kernel.MaxBackgroundRadius:0.025]]
[2019.01.17-15.09.30:785][  0]LogConfig: Applying CVar settings from Section [TextureQuality@3] File [F:/GitHub/ARPG_demoreel/ARPG_demoreel/Saved/Config/Windows/Scalability.ini]
[2019.01.17-15.09.30:785][  0]LogConfig: Setting CVar [[r.Streaming.MipBias:0]]
[2019.01.17-15.09.30:785][  0]LogConfig: Setting CVar [[r.Streaming.AmortizeCPUToGPUCopy:0]]
[2019.01.17-15.09.30:785][  0]LogConfig: Setting CVar [[r.Streaming.MaxNumTexturesToStreamPerFrame:0]]
[2019.01.17-15.09.30:785][  0]LogConfig: Setting CVar [[r.Streaming.Boost:1]]
[2019.01.17-15.09.30:785][  0]LogConfig: Setting CVar [[r.MaxAnisotropy:8]]
[2019.01.17-15.09.30:785][  0]LogConfig: Setting CVar [[r.Streaming.LimitPoolSizeToVRAM:0]]
[2019.01.17-15.09.30:785][  0]LogConfig: Setting CVar [[r.Streaming.PoolSize:1000]]
[2019.01.17-15.09.30:785][  0]LogConfig: Setting CVar [[r.Streaming.MaxEffectiveScreenSize:0]]
[2019.01.17-15.09.30:785][  0]LogConfig: Applying CVar settings from Section [EffectsQuality@3] File [F:/GitHub/ARPG_demoreel/ARPG_demoreel/Saved/Config/Windows/Scalability.ini]
[2019.01.17-15.09.30:785][  0]LogConfig: Setting CVar [[r.TranslucencyLightingVolumeDim:64]]
[2019.01.17-15.09.30:785][  0]LogConfig: Setting CVar [[r.RefractionQuality:2]]
[2019.01.17-15.09.30:785][  0]LogConfig: Setting CVar [[r.SSR.Quality:3]]
[2019.01.17-15.09.30:785][  0]LogConfig: Setting CVar [[r.SceneColorFormat:4]]
[2019.01.17-15.09.30:785][  0]LogConfig: Setting CVar [[r.DetailMode:2]]
[2019.01.17-15.09.30:785][  0]LogConfig: Setting CVar [[r.TranslucencyVolumeBlur:1]]
[2019.01.17-15.09.30:785][  0]LogConfig: Setting CVar [[r.MaterialQualityLevel:1 ; High quality]]
[2019.01.17-15.09.30:785][  0]LogConfig: Setting CVar [[r.SSS.Scale:1]]
[2019.01.17-15.09.30:785][  0]LogConfig: Setting CVar [[r.SSS.SampleSet:2]]
[2019.01.17-15.09.30:785][  0]LogConfig: Setting CVar [[r.SSS.Quality:1]]
[2019.01.17-15.09.30:785][  0]LogConfig: Setting CVar [[r.SSS.HalfRes:1]]
[2019.01.17-15.09.30:785][  0]LogConfig: Setting CVar [[r.EmitterSpawnRateScale:1.0]]
[2019.01.17-15.09.30:785][  0]LogConfig: Setting CVar [[r.ParticleLightQuality:2]]
[2019.01.17-15.09.30:785][  0]LogConfig: Applying CVar settings from Section [FoliageQuality@3] File [F:/GitHub/ARPG_demoreel/ARPG_demoreel/Saved/Config/Windows/Scalability.ini]
[2019.01.17-15.09.30:785][  0]LogConfig: Setting CVar [[foliage.DensityScale:1.0]]
[2019.01.17-15.09.30:785][  0]LogConfig: Setting CVar [[grass.DensityScale:1.0]]
[2019.01.17-15.09.30:785][  0]LogConfig: Applying CVar settings from Section [Startup] File [../../../Engine/Config/ConsoleVariables.ini]
[2019.01.17-15.09.30:802][  0]LogConfig: Setting CVar [[net.UseAdaptiveNetUpdateFrequency:0]]
[2019.01.17-15.09.30:802][  0]LogConfig: Applying CVar settings from Section [ConsoleVariables] File [F:/GitHub/ARPG_demoreel/ARPG_demoreel/Saved/Config/Windows/Engine.ini]
[2019.01.17-15.09.30:837][  0]LogInit: Computer: HELLKOR
[2019.01.17-15.09.30:837][  0]LogInit: User: Hellk
[2019.01.17-15.09.30:837][  0]LogInit: CPU Page size=4096, Cores=4
[2019.01.17-15.09.30:837][  0]LogInit: High frequency timer resolution =3.914063 MHz
[2019.01.17-15.09.30:847][  0]LogMemory: Memory total: Physical=15.9GB (16GB approx)
[2019.01.17-15.09.30:847][  0]LogMemory: Platform Memory Stats for Windows
[2019.01.17-15.09.30:847][  0]LogMemory: Process Physical Memory: 101.88 MB used, 101.88 MB peak
[2019.01.17-15.09.30:847][  0]LogMemory: Process Virtual Memory: 91.37 MB used, 91.37 MB peak
[2019.01.17-15.09.30:847][  0]LogMemory: Physical Memory: 8070.32 MB used,  8166.66 MB free, 16236.98 MB total
[2019.01.17-15.09.30:847][  0]LogMemory: Virtual Memory: 4633.49 MB used,  134213096.00 MB free, 134217728.00 MB total
[2019.01.17-15.09.31:401][  0]LogInit: Using OS detected language (sv-SE).
[2019.01.17-15.09.31:401][  0]LogInit: Using OS detected locale (sv-SE).
[2019.01.17-15.09.31:488][  0]LogTextLocalizationManager: No localization for 'sv-SE' exists, so 'en' will be used for the language.
[2019.01.17-15.09.32:181][  0]LogStreaming: Display: Took  0.754s to InitEngineTextLocalization.
[2019.01.17-15.09.32:201][  0]LogInit: Setting process to per monitor DPI aware
[2019.01.17-15.09.32:953][  0]LogSlate: New Slate User Created.  User Index 0, Is Virtual User: 0
[2019.01.17-15.09.32:953][  0]LogSlate: Slate User Registered.  User Index 0, Is Virtual User: 0
[2019.01.17-15.09.33:443][  0]LogHMD: Failed to initialize OpenVR with code 110
[2019.01.17-15.09.33:443][  0]LogD3D11RHI: D3D11 adapters:
[2019.01.17-15.09.33:501][  0]LogD3D11RHI:    0. 'NVIDIA GeForce GTX 1080' (Feature Level 11_0)
[2019.01.17-15.09.33:501][  0]LogD3D11RHI:       8079/0/8118 MB DedicatedVideo/DedicatedSystem/SharedSystem, Outputs:2, VendorId:0x10de
[2019.01.17-15.09.33:544][  0]LogD3D11RHI:    1. 'Intel(R) HD Graphics 530' (Feature Level 11_0)
[2019.01.17-15.09.33:544][  0]LogD3D11RHI:       128/0/8118 MB DedicatedVideo/DedicatedSystem/SharedSystem, Outputs:0, VendorId:0x8086
[2019.01.17-15.09.33:546][  0]LogD3D11RHI:    2. 'Microsoft Basic Render Driver' (Feature Level 11_0)
[2019.01.17-15.09.33:547][  0]LogD3D11RHI:       0/0/8118 MB DedicatedVideo/DedicatedSystem/SharedSystem, Outputs:0, VendorId:0x1414
[2019.01.17-15.09.33:547][  0]LogD3D11RHI: Chosen D3D11 Adapter: 0
[2019.01.17-15.09.33:554][  0]LogD3D11RHI: Creating new Direct3DDevice
[2019.01.17-15.09.33:554][  0]LogD3D11RHI:     GPU DeviceId: 0x1b80 (for the marketing name, search the web for "GPU Device Id")
[2019.01.17-15.09.33:554][  0]LogWindows: EnumDisplayDevices:
[2019.01.17-15.09.33:554][  0]LogWindows:    0. 'NVIDIA GeForce GTX 1080' (P:0 D:1)
[2019.01.17-15.09.33:613][  0]LogWindows:    1. 'NVIDIA GeForce GTX 1080' (P:1 D:1)
[2019.01.17-15.09.33:613][  0]LogWindows:    2. 'NVIDIA GeForce GTX 1080' (P:0 D:0)
[2019.01.17-15.09.33:613][  0]LogWindows:    3. 'NVIDIA GeForce GTX 1080' (P:0 D:0)
[2019.01.17-15.09.33:614][  0]LogWindows:    4. 'Intel(R) HD Graphics 530' (P:0 D:0)
[2019.01.17-15.09.33:614][  0]LogWindows:    5. 'Intel(R) HD Graphics 530' (P:0 D:0)
[2019.01.17-15.09.33:614][  0]LogWindows:    6. 'Intel(R) HD Graphics 530' (P:0 D:0)
[2019.01.17-15.09.33:614][  0]LogWindows: DebugString: PrimaryIsNotTheChoosenAdapter PrimaryIsNotTheChoosenAdapter PrimaryIsNotTheChoosenAdapter FoundDriverCount:4 
[2019.01.17-15.09.33:614][  0]LogD3D11RHI:     Adapter Name: NVIDIA GeForce GTX 1080
[2019.01.17-15.09.33:615][  0]LogD3D11RHI:   Driver Version: 399.07 (internal:24.21.13.9907, unified:399.07)
[2019.01.17-15.09.33:615][  0]LogD3D11RHI:      Driver Date: 8-21-2018
[2019.01.17-15.09.33:615][  0]LogRHI: Texture pool is 5655 MB (70% of 8079 MB)
[2019.01.17-15.09.33:652][  0]LogD3D11RHI: Async texture creation enabled
[2019.01.17-15.09.33:942][  0]LogD3D11RHI: GPU Timing Frequency: 1000.000000 (Debug: 2 2)
[2019.01.17-15.09.35:191][  0]LogTemp: Display: Loaded TP AllDesktopTargetPlatform
[2019.01.17-15.09.35:234][  0]LogTemp: Display: Loaded TP MacClientTargetPlatform
[2019.01.17-15.09.35:252][  0]LogTemp: Display: Loaded TP MacNoEditorTargetPlatform
[2019.01.17-15.09.35:267][  0]LogTemp: Display: Loaded TP MacServerTargetPlatform
[2019.01.17-15.09.35:310][  0]LogTemp: Display: Loaded TP MacTargetPlatform
[2019.01.17-15.09.35:367][  0]LogTemp: Display: Loaded TP WindowsClientTargetPlatform
[2019.01.17-15.09.35:388][  0]LogTemp: Display: Loaded TP WindowsNoEditorTargetPlatform
[2019.01.17-15.09.35:412][  0]LogTemp: Display: Loaded TP WindowsServerTargetPlatform
[2019.01.17-15.09.35:427][  0]LogTemp: Display: Loaded TP WindowsTargetPlatform
[2019.01.17-15.09.35:532][  0]LogTemp: Display: Loaded TP AndroidTargetPlatform
[2019.01.17-15.09.35:532][  0]LogTemp: Display: Loaded TP AndroidTargetPlatform
[2019.01.17-15.09.35:532][  0]LogTemp: Display: Loaded TP AndroidTargetPlatform
[2019.01.17-15.09.35:532][  0]LogTemp: Display: Loaded TP AndroidTargetPlatform
[2019.01.17-15.09.35:532][  0]LogTemp: Display: Loaded TP AndroidTargetPlatform
[2019.01.17-15.09.35:532][  0]LogTemp: Display: Loaded TP AndroidTargetPlatform
[2019.01.17-15.09.35:532][  0]LogTemp: Display: Loaded TP AndroidTargetPlatform
[2019.01.17-15.09.35:532][  0]LogTemp: Display: Loaded TP AndroidTargetPlatform
[2019.01.17-15.09.35:532][  0]LogTemp: Display: Loaded TP AndroidTargetPlatform
[2019.01.17-15.09.35:532][  0]LogTemp: Display: Loaded TP AndroidTargetPlatform
[2019.01.17-15.09.35:532][  0]LogTemp: Display: Loaded TP AndroidTargetPlatform
[2019.01.17-15.09.35:532][  0]LogTemp: Display: Loaded TP AndroidTargetPlatform
[2019.01.17-15.09.35:532][  0]LogTemp: Display: Loaded TP AndroidTargetPlatform
[2019.01.17-15.09.35:532][  0]LogTemp: Display: Loaded TP AndroidTargetPlatform
[2019.01.17-15.09.35:532][  0]LogTemp: Display: Loaded TP AndroidTargetPlatform
[2019.01.17-15.09.35:532][  0]LogTemp: Display: Loaded TP AndroidTargetPlatform
[2019.01.17-15.09.35:532][  0]LogTemp: Display: Loaded TP AndroidTargetPlatform
[2019.01.17-15.09.35:532][  0]LogTemp: Display: Loaded TP AndroidTargetPlatform
[2019.01.17-15.09.35:552][  0]LogTemp: Display: Loaded TP HTML5TargetPlatform
[2019.01.17-15.09.35:970][  0]LogTemp: Display: Loaded TP IOSTargetPlatform
[2019.01.17-15.09.35:970][  0]LogTemp: Display: Loaded TP IOSTargetPlatform
[2019.01.17-15.09.36:008][  0]LogTemp: Display: Loaded TP TVOSTargetPlatform
[2019.01.17-15.09.36:008][  0]LogTemp: Display: Loaded TP TVOSTargetPlatform
[2019.01.17-15.09.36:041][  0]LogTemp: Display: Loaded TP LinuxClientTargetPlatform
[2019.01.17-15.09.36:067][  0]LogTemp: Display: Loaded TP LinuxNoEditorTargetPlatform
[2019.01.17-15.09.36:101][  0]LogTemp: Display: Loaded TP LinuxServerTargetPlatform
[2019.01.17-15.09.36:131][  0]LogTemp: Display: Loaded TP LinuxTargetPlatform
[2019.01.17-15.09.36:167][  0]LogTemp: Display: Loaded TP LuminTargetPlatform
[2019.01.17-15.09.36:167][  0]LogTemp: Display: Loaded TP LuminTargetPlatform
[2019.01.17-15.09.36:167][  0]LogTargetPlatformManager: Display: Building Assets For Windows
[2019.01.17-15.09.36:804][  0]LogShaderCompilers: Guid format shader working directory is -3 characters bigger than the processId version (../../../../../GitHub/ARPG_demoreel/ARPG_demoreel/Intermediate/Shaders/WorkingDirectory/9436/).
[2019.01.17-15.09.36:804][  0]LogShaderCompilers: Cleaned the shader compiler working directory 'C:/Users/Hellk/AppData/Local/Temp/UnrealShaderWorkingDir/46B5AF814ED5FD878664789DA2549AE7/'.
[2019.01.17-15.09.36:831][  0]LogXGEController: Cleaning working directory: C:/Users/Hellk/AppData/Local/Temp/UnrealXGEWorkingDir/
[2019.01.17-15.09.36:832][  0]LogXGEController: Cannot use XGE Controller as Incredibuild is not installed on this machine.
[2019.01.17-15.09.36:832][  0]LogShaderCompilers: Cannot use XGE Shader Compiler as Incredibuild is not installed on this machine.
[2019.01.17-15.09.36:832][  0]LogShaderCompilers: Display: Using Local Shader Compiler.
[2019.01.17-15.09.39:484][  0]LogDerivedDataCache: Display: Max Cache Size: 512 MB
[2019.01.17-15.09.39:708][  0]LogDerivedDataCache: Loaded boot cache 0.22s 73MB C:/Users/Hellk/AppData/Local/UnrealEngine/4.21/DerivedDataCache/Boot.ddc.
[2019.01.17-15.09.39:708][  0]LogDerivedDataCache: Display: Loaded Boot cache: C:/Users/Hellk/AppData/Local/UnrealEngine/4.21/DerivedDataCache/Boot.ddc
[2019.01.17-15.09.39:708][  0]LogDerivedDataCache: FDerivedDataBackendGraph:  Pak pak cache file ../../../../../GitHub/ARPG_demoreel/ARPG_demoreel/DerivedDataCache/DDC.ddp not found, will not use a pak cache.
[2019.01.17-15.09.39:708][  0]LogDerivedDataCache: Unable to find inner node Pak for hierarchical cache Hierarchy.
[2019.01.17-15.09.39:708][  0]LogDerivedDataCache: FDerivedDataBackendGraph:  CompressedPak pak cache file ../../../../../GitHub/ARPG_demoreel/ARPG_demoreel/DerivedDataCache/Compressed.ddp not found, will not use a pak cache.
[2019.01.17-15.09.39:708][  0]LogDerivedDataCache: Unable to find inner node CompressedPak for hierarchical cache Hierarchy.
[2019.01.17-15.09.39:802][  0]LogDerivedDataCache: Display: Pak cache opened for reading ../../../Engine/DerivedDataCache/Compressed.ddp.
[2019.01.17-15.09.39:802][  0]LogDerivedDataCache: FDerivedDataBackendGraph:  EnterprisePak pak cache file ../../../Enterprise/DerivedDataCache/Compressed.ddp not found, will not use a pak cache.
[2019.01.17-15.09.39:802][  0]LogDerivedDataCache: Unable to find inner node EnterprisePak for hierarchical cache Hierarchy.
[2019.01.17-15.09.39:816][  0]LogDerivedDataCache: Using Local data cache path C:/Users/Hellk/AppData/Local/UnrealEngine/Common/DerivedDataCache: Writable
[2019.01.17-15.09.39:816][  0]LogDerivedDataCache: Shared data cache path not found in *engine.ini, will not use an Shared cache.
[2019.01.17-15.09.39:816][  0]LogDerivedDataCache: Unable to find inner node Shared for hierarchical cache Hierarchy.
[2019.01.17-15.09.39:895][  0]LogMaterial: Verifying Global Shaders for PCD3D_SM5
[2019.01.17-15.09.40:215][  0]LogSlate: Using FreeType 2.6.0
[2019.01.17-15.09.40:318][  0]LogSlate: SlateFontServices - WITH_FREETYPE: 1, WITH_HARFBUZZ: 1
[2019.01.17-15.09.41:258][  0]LogAssetRegistry: FAssetRegistry took 0.0564 seconds to start up
[2019.01.17-15.09.49:316][  0]LogInit: Selected Device Profile: [Windows]
[2019.01.17-15.09.50:748][  0]LogSimplygon: Simplygon DLL not present - disabling.
[2019.01.17-15.09.50:880][  0]LogMeshReduction: Using SimplygonSwarm for distributed automatic mesh merging
[2019.01.17-15.09.50:880][  0]LogMeshReduction: Using ProxyLODMeshReduction for automatic mesh merging
[2019.01.17-15.09.50:881][  0]LogMeshReduction: Using QuadricMeshReduction for automatic static mesh reduction
[2019.01.17-15.09.50:881][  0]LogMeshReduction: No automatic skeletal mesh reduction module available
[2019.01.17-15.09.51:784][  0]LogNetVersion: ARPG_demoreel 1.0.0, NetCL: 4541578, EngineNetVer: 5, GameNetVer: 0 (Checksum: 3346299442)
[2019.01.17-15.09.57:198][  0]LogPackageLocalizationCache: Processed 11 localized package path(s) for 1 prioritized culture(s) in 0.230211 seconds
[2019.01.17-15.09.57:252][  0]LogUObjectArray: 39775 objects as part of root set at end of initial load.
[2019.01.17-15.09.57:252][  0]LogUObjectAllocator: 6914664 out of 0 bytes used by permanent object pool.
[2019.01.17-15.09.57:252][  0]LogUObjectArray: CloseDisregardForGC: 0/0 objects in disregard for GC pool
[2019.01.17-15.10.16:828][  0]LogTcpMessaging: Initializing TcpMessaging bridge
[2019.01.17-15.10.16:861][  0]LogUdpMessaging: Initializing bridge on interface 0.0.0.0:0 to multicast group 230.0.0.1:6666.
[2019.01.17-15.10.21:317][  0]SourceControl: Source control is disabled
[2019.01.17-15.10.21:318][  0]SourceControl: Source control is disabled
[2019.01.17-15.10.21:365][  0]SourceControl: Source control is disabled
[2019.01.17-15.10.21:382][  0]SourceControl: Source control is disabled
[2019.01.17-15.10.22:665][  0]LogAndroidPermission: UAndroidPermissionCallbackProxy::GetInstance
[2019.01.17-15.10.22:942][  0]LogOcInput: OculusInput pre-init called
[2019.01.17-15.10.25:028][  0]LogEngine: Initializing Engine...
[2019.01.17-15.10.25:068][  0]LogHMD: Failed to initialize OpenVR with code 110
[2019.01.17-15.10.25:129][  0]LogStats: UGameplayTagsManager::ConstructGameplayTagTree: ImportINI prefixes -  0.000 s
[2019.01.17-15.10.25:129][  0]LogStats: UGameplayTagsManager::ConstructGameplayTagTree: Construct from data asset -  0.000 s
[2019.01.17-15.10.25:129][  0]LogStats: UGameplayTagsManager::ConstructGameplayTagTree: ImportINI -  0.000 s
[2019.01.17-15.10.25:129][  0]LogStats: UGameplayTagsManager::ConstructGameplayTagTree: GameplayTagTreeChangedEvent.Broadcast -  0.000 s
[2019.01.17-15.10.25:992][  0]LogInit: Initializing FReadOnlyCVARCache
[2019.01.17-15.10.26:710][  0]LogAIModule: Creating AISystem for world Untitled
[2019.01.17-15.10.27:008][  0]LogInit: XAudio2 using 'Philips FTV (NVIDIA High Definition Audio)' : 2 channels at 48 kHz using 16 bits per sample (channel mask 0x3)
[2019.01.17-15.10.27:029][  0]LogInit: FAudioDevice initialized.
[2019.01.17-15.10.27:038][  0]LogNetVersion: Set ProjectVersion to 1.0.0.0. Version Checksum will be recalculated on next use.
[2019.01.17-15.10.27:197][  0]LogDerivedDataCache: Saved boot cache 0.16s 73MB C:/Users/Hellk/AppData/Local/UnrealEngine/4.21/DerivedDataCache/Boot.ddc.
[2019.01.17-15.10.27:202][  0]LogInit: Texture streaming: Enabled
[2019.01.17-15.10.27:424][  0]LogEngineSessionManager: EngineSessionManager initialized
[2019.01.17-15.10.27:647][  0]LogInit: Transaction tracking system initialized
[2019.01.17-15.10.28:039][  0]BlueprintLog: New page: Editor Load
[2019.01.17-15.10.29:385][  0]LocalizationService: Localization service is disabled
[2019.01.17-15.10.29:913][  0]LogLinker: Warning: Asset '../../../../../GitHub/ARPG_demoreel/ARPG_demoreel/Content/TopDownCPP/TopDownOverview.uasset' has been saved with empty engine version. The asset will be loaded but may be incompatible.
[2019.01.17-15.10.33:788][  0]LogFileCache: Scanning file cache for directory 'F:/GitHub/ARPG_demoreel/ARPG_demoreel/Content/' took 0.04s
[2019.01.17-15.10.33:788][  0]LogCook: Display: Max memory allowance for cook 16384mb min free memory 0mb
[2019.01.17-15.10.33:789][  0]LogCook: Display: Mobile HDR setting 1
[2019.01.17-15.10.33:789][  0]LogGameplayTags: Display: UGameplayTagsManager::DoneAddingNativeTags. DelegateIsBound: 0
[2019.01.17-15.10.33:789][  0]LogStats: UGameplayTagsManager::ConstructGameplayTagTree: ImportINI prefixes -  0.000 s
[2019.01.17-15.10.33:789][  0]LogStats: UGameplayTagsManager::ConstructGameplayTagTree: Construct from data asset -  0.000 s
[2019.01.17-15.10.33:789][  0]LogStats: UGameplayTagsManager::ConstructGameplayTagTree: ImportINI -  0.000 s
[2019.01.17-15.10.33:789][  0]LogStats: UGameplayTagsManager::ConstructGameplayTagTree: GameplayTagTreeChangedEvent.Broadcast -  0.000 s
[2019.01.17-15.10.37:956][  0]SourceControl: Source control is disabled
[2019.01.17-15.10.37:978][  0]Cmd: MAP LOAD FILE="../../../../../GitHub/ARPG_demoreel/ARPG_demoreel/Content/TopDownCPP/Maps/TopDownExampleMap.umap" TEMPLATE=0 SHOWPROGRESS=1 FEATURELEVEL=3
[2019.01.17-15.10.38:041][  0]LightingResults: New page: Lighting Build
[2019.01.17-15.10.38:319][  0]MapCheck: New page: Map Check
[2019.01.17-15.10.38:319][  0]LightingResults: New page: Lighting Build
[2019.01.17-15.10.39:321][  0]LogLinker: Warning: Can't find file '/Game/TopDownCPP/Maps/TopDownExampleMap_BuiltData'
[2019.01.17-15.10.39:321][  0]LogLinker: Warning: Can't find file for asset '/Game/TopDownCPP/Maps/TopDownExampleMap_BuiltData' while loading ../../../../../GitHub/ARPG_demoreel/ARPG_demoreel/Content/TopDownCPP/Maps/TopDownExampleMap.umap.
[2019.01.17-15.10.39:321][  0]LoadErrors: Error: /Game/TopDownCPP/Maps/TopDownExampleMap : Can't find file for asset. /Game/TopDownCPP/Maps/TopDownExampleMap_BuiltData
[2019.01.17-15.10.39:369][  0]LogLinker: Warning: Can't find file '/Game/TopDownCPP/Maps/TopDownExampleMap_BuiltData'
[2019.01.17-15.10.39:369][  0]LogLinker: Warning: Can't find file for asset '/Game/TopDownCPP/Maps/TopDownExampleMap_BuiltData' while loading ../../../../../GitHub/ARPG_demoreel/ARPG_demoreel/Content/TopDownCPP/Maps/TopDownExampleMap.umap.
[2019.01.17-15.10.39:369][  0]LoadErrors: Error: /Game/TopDownCPP/Maps/TopDownExampleMap : Can't find file for asset. /Game/TopDownCPP/Maps/TopDownExampleMap_BuiltData
[2019.01.17-15.10.39:370][  0]LogLinker: Warning: Can't find file '/Game/TopDownCPP/Maps/TopDownExampleMap_BuiltData'
[2019.01.17-15.10.39:370][  0]LogLinker: Warning: Can't find file for asset '/Game/TopDownCPP/Maps/TopDownExampleMap_BuiltData' while loading NULL.
[2019.01.17-15.10.39:370][  0]LogLinker: Warning: Can't find file '/Game/TopDownCPP/Maps/TopDownExampleMap_BuiltData'
[2019.01.17-15.10.39:370][  0]LogLinker: Warning: Can't find file for asset '/Game/TopDownCPP/Maps/TopDownExampleMap_BuiltData' while loading NULL.
[2019.01.17-15.10.39:422][  0]LogLinker: Warning: Can't find file '/Game/TopDownCPP/Maps/TopDownExampleMap_BuiltData'
[2019.01.17-15.10.39:423][  0]LoadErrors: Failed to load /Game/TopDownCPP/Maps/TopDownExampleMap_BuiltData.TopDownExampleMap_BuiltData Referenced by PersistentLevel
[2019.01.17-15.10.39:423][  0]LogLinker: Warning: Can't find file for asset '/Game/TopDownCPP/Maps/TopDownExampleMap_BuiltData' while loading NULL.
[2019.01.17-15.10.39:423][  0]LoadErrors: Failed to load /Game/TopDownCPP/Maps/TopDownExampleMap_BuiltData.TopDownExampleMap_BuiltData Referenced by PersistentLevel
[2019.01.17-15.10.39:764][  0]LogAIModule: Creating AISystem for world TopDownExampleMap
[2019.01.17-15.10.40:487][  0]LogEditorServer: Finished looking for orphan Actors (0.000 secs)
[2019.01.17-15.10.40:721][  0]Cmd: MAP CHECKDEP NOCLEARLOG
[2019.01.17-15.10.40:722][  0]MapCheck: Map check complete: 0 Error(s), 0 Warning(s), took 0,096ms to complete.
[2019.01.17-15.10.40:722][  0]LogFileHelpers: Loading map 'TopDownExampleMap' took 2.754
[2019.01.17-15.10.42:627][  0]LogSlate: Updating window title bar state: overlay mode, drag disabled, window buttons hidden, title bar hidden
[2019.01.17-15.10.42:644][  0]LogSlate: Updating window title bar state: overlay mode, drag disabled, window buttons hidden, title bar hidden
[2019.01.17-15.10.42:649][  0]LogSlate: Updating window title bar state: overlay mode, drag disabled, window buttons hidden, title bar hidden
[2019.01.17-15.10.42:655][  0]LogSlate: Updating window title bar state: overlay mode, drag disabled, window buttons hidden, title bar hidden
[2019.01.17-15.10.42:786][  0]LogCollectionManager: Loaded 0 collections in 0.018825 seconds
[2019.01.17-15.10.42:955][  0]LogFileCache: Scanning file cache for directory 'F:/GitHub/ARPG_demoreel/ARPG_demoreel/Saved/Collections/' took 0.01s
[2019.01.17-15.10.42:955][  0]LogFileCache: Scanning file cache for directory 'F:/GitHub/ARPG_demoreel/ARPG_demoreel/Content/Developers/Hellk/Collections/' took 0.01s
[2019.01.17-15.10.42:955][  0]LogFileCache: Scanning file cache for directory 'F:/GitHub/ARPG_demoreel/ARPG_demoreel/Content/Collections/' took 0.00s
[2019.01.17-15.10.42:955][  0]LogCollectionManager: Rebuilt the GUID cache for 0 collections in 0.000000 seconds
[2019.01.17-15.10.42:989][  0]LogContentBrowser: Native class hierarchy populated in 0.0252 seconds. Added 2654 classes and 622 folders.
[2019.01.17-15.10.43:113][  0]LogContentBrowser: Native class hierarchy updated for 'WidgetCarousel' in 0.0004 seconds. Added 0 classes and 0 folders.
[2019.01.17-15.10.43:197][  0]LogPakFile: Registered encryption key '00000000000000000000000000000000': 0 pak files mounted, 0 remain pending
[2019.01.17-15.10.43:251][  0]LogPakFile: Registered encryption key '00000000000000000000000000000000': 0 pak files mounted, 0 remain pending
[2019.01.17-15.10.43:252][  0]LogPakFile: Registered encryption key '00000000000000000000000000000000': 0 pak files mounted, 0 remain pending
[2019.01.17-15.10.43:266][  0]LogPakFile: Registered encryption key '00000000000000000000000000000000': 0 pak files mounted, 0 remain pending
[2019.01.17-15.10.43:267][  0]LogPakFile: Registered encryption key '00000000000000000000000000000000': 0 pak files mounted, 0 remain pending
[2019.01.17-15.10.43:268][  0]LogPakFile: Registered encryption key '00000000000000000000000000000000': 0 pak files mounted, 0 remain pending
[2019.01.17-15.10.43:270][  0]LogPakFile: Registered encryption key '00000000000000000000000000000000': 0 pak files mounted, 0 remain pending
[2019.01.17-15.10.43:271][  0]LogPakFile: Registered encryption key '00000000000000000000000000000000': 0 pak files mounted, 0 remain pending
[2019.01.17-15.10.43:277][  0]LogPakFile: Registered encryption key '00000000000000000000000000000000': 0 pak files mounted, 0 remain pending
[2019.01.17-15.10.43:278][  0]LogPakFile: Registered encryption key '00000000000000000000000000000000': 0 pak files mounted, 0 remain pending
[2019.01.17-15.10.43:279][  0]LogPakFile: Registered encryption key '00000000000000000000000000000000': 0 pak files mounted, 0 remain pending
[2019.01.17-15.10.43:281][  0]LogPakFile: Registered encryption key '00000000000000000000000000000000': 0 pak files mounted, 0 remain pending
[2019.01.17-15.10.43:282][  0]LogPakFile: Registered encryption key '00000000000000000000000000000000': 0 pak files mounted, 0 remain pending
[2019.01.17-15.10.43:295][  0]LogPakFile: Registered encryption key '00000000000000000000000000000000': 0 pak files mounted, 0 remain pending
[2019.01.17-15.10.43:296][  0]LogPakFile: Registered encryption key '00000000000000000000000000000000': 0 pak files mounted, 0 remain pending
[2019.01.17-15.10.43:296][  0]LogPakFile: Registered encryption key '00000000000000000000000000000000': 0 pak files mounted, 0 remain pending
[2019.01.17-15.10.43:298][  0]LogPakFile: Registered encryption key '00000000000000000000000000000000': 0 pak files mounted, 0 remain pending
[2019.01.17-15.10.43:303][  0]LogPakFile: Registered encryption key '00000000000000000000000000000000': 0 pak files mounted, 0 remain pending
[2019.01.17-15.10.43:304][  0]LogPakFile: Registered encryption key '00000000000000000000000000000000': 0 pak files mounted, 0 remain pending
[2019.01.17-15.10.43:305][  0]LogPakFile: Registered encryption key '00000000000000000000000000000000': 0 pak files mounted, 0 remain pending
[2019.01.17-15.10.43:306][  0]LogPakFile: Registered encryption key '00000000000000000000000000000000': 0 pak files mounted, 0 remain pending
[2019.01.17-15.10.43:307][  0]LogPakFile: Registered encryption key '00000000000000000000000000000000': 0 pak files mounted, 0 remain pending
[2019.01.17-15.10.43:320][  0]LogPakFile: Registered encryption key '00000000000000000000000000000000': 0 pak files mounted, 0 remain pending
[2019.01.17-15.10.43:321][  0]LogPakFile: Registered encryption key '00000000000000000000000000000000': 0 pak files mounted, 0 remain pending
[2019.01.17-15.10.43:339][  0]LogPakFile: Registered encryption key '00000000000000000000000000000000': 0 pak files mounted, 0 remain pending
[2019.01.17-15.10.43:340][  0]LogPakFile: Registered encryption key '00000000000000000000000000000000': 0 pak files mounted, 0 remain pending
[2019.01.17-15.10.43:855][  0]LogContentBrowser: Native class hierarchy updated for 'AddContentDialog' in 0.0004 seconds. Added 0 classes and 0 folders.
[2019.01.17-15.10.43:920][  0]LogContentBrowser: Native class hierarchy updated for 'SceneOutliner' in 0.0004 seconds. Added 1 classes and 2 folders.
[2019.01.17-15.10.44:451][  0]LogSlate: Took 0.016404 seconds to synchronously load lazily loaded font '../../../Engine/Content/Slate/Fonts/Roboto-Regular.ttf' (155K)
[2019.01.17-15.10.44:499][  0]LogSlate: Took 0.022086 seconds to synchronously load lazily loaded font '../../../Engine/Content/Slate/Fonts/Roboto-Bold.ttf' (160K)
[2019.01.17-15.10.44:626][  0]LogSlate: Took 0.014308 seconds to synchronously load lazily loaded font '../../../Engine/Content/Editor/Slate/Fonts/FontAwesome.ttf' (139K)
[2019.01.17-15.10.45:223][  0]LogRenderer: Reallocating scene render targets to support 1208x576 Format 10 NumSamples 1 (Frame:1).
[2019.01.17-15.10.46:289][  0]LogSlate: FSceneViewport::OnFocusLost() reason 2
[2019.01.17-15.10.46:529][  0]LogSlate: Window 'Tutorials' being destroyed
[2019.01.17-15.10.46:660][  0]LogContentBrowser: Native class hierarchy updated for 'HierarchicalLODOutliner' in 0.0004 seconds. Added 0 classes and 0 folders.
[2019.01.17-15.10.46:660][  0]LogLoad: (Engine Initialization) Total time: 93.10 seconds
[2019.01.17-15.10.46:660][  0]LogLoad: (Engine Initialization) Total Blueprint compile time: 0.00 seconds
[2019.01.17-15.10.46:836][  0]LogWindowsTextInputMethodSystem: Display: IME system now deactivated.
[2019.01.17-15.10.47:571][  0]LogContentStreaming: Texture pool size now 1000 MB
[2019.01.17-15.10.47:668][  0]LogSlate: FSceneViewport::OnFocusLost() reason 2
[2019.01.17-15.10.47:875][  0]LogSlate: Took 0.007835 seconds to synchronously load lazily loaded font '../../../Engine/Content/Slate/Fonts/Roboto-Light.ttf' (167K)
[2019.01.17-15.10.48:755][  2]LogAssetRegistry: Asset discovery search completed in 67.5424 seconds
[2019.01.17-15.10.48:757][  2]LogCollectionManager: Rebuilt the object cache for 0 collections in 0.000000 seconds (found 0 objects)
[2019.01.17-15.10.48:757][  2]LogCollectionManager: Fixed up redirectors for 0 collections in 0.000049 seconds (updated 0 objects)
[2019.01.17-15.10.48:816][  2]LogSlate: Took 0.000181 seconds to synchronously load lazily loaded font '../../../Engine/Content/Slate/Fonts/Roboto-Light.ttf' (167K)
[2019.01.17-15.10.52:273][379]LogSlate: Window 'Message Log' being destroyed
[2019.01.17-15.10.52:276][379]LogSlate: Window 'Message Log' being destroyed
[2019.01.17-15.10.54:726][648]LogEditorViewport: Clicking on Actor (context menu): StaticMeshActor (Floor)
[2019.01.17-15.10.55:588][648]LogSlate: FSceneViewport::OnFocusLost() reason 2
[2019.01.17-15.10.55:615][648]LogEditorViewport: Clicking on Actor (context menu): StaticMeshActor (Floor)
[2019.01.17-15.10.55:637][648]LogSlate: FSceneViewport::OnFocusLost() reason 2
[2019.01.17-15.11.17:068][101]LogSlate: Prevented a slow task dialog from being summoned while a context menu was open
[2019.01.17-15.11.17:068][101]LogAssetEditorManager: Opening Asset editor for Blueprint /Game/TopDownCPP/Blueprints/TopDownCharacter.TopDownCharacter
[2019.01.17-15.11.18:291][101]LogContentBrowser: Native class hierarchy updated for 'BlueprintGraph' in 0.0007 seconds. Added 117 classes and 0 folders.
[2019.01.17-15.11.27:304][770]LogSlate: Window 'TopDownCharacter' being destroyed
[2019.01.17-15.11.27:599][770]LogAssetEditorManager: Opening Asset editor for Blueprint /Game/TopDownCPP/Blueprints/TopDownCharacter.TopDownCharacter
[2019.01.17-15.11.27:978][770]LogSlate: Took 0.010021 seconds to synchronously load lazily loaded font '../../../Engine/Content/Slate/Fonts/Roboto-BoldCondensed.ttf' (158K)
[2019.01.17-15.11.31:927][183]LogSlate: Took 0.000831 seconds to synchronously load lazily loaded font '../../../Engine/Content/Slate/Fonts/Roboto-Italic.ttf' (157K)
[2019.01.17-15.11.37:037][685]LogSlate: Window 'TopDownCharacter' being destroyed
[2019.01.17-15.11.37:039][685]LogSlate: Window 'TopDownCharacter' being destroyed
[2019.01.17-16.09.27:525][465]LogInit: XAudio2 using 'Realtek Digital Output (Realtek High Definition Audio)' : 2 channels at 48 kHz using 16 bits per sample (channel mask 0x3)
[2019.01.17-17.37.40:229][140]LogAssetEditorManager: Opening Asset editor for BlackboardData /Game/AI/TestAIEnemy/TestEnemy_Blackboard.TestEnemy_Blackboard
[2019.01.17-17.37.46:744][903]LogSlate: Window 'TestEnemy_Blackboard*' being destroyed
[2019.01.17-17.37.46:748][903]LogSlate: Window 'TestEnemy_Blackboard*' being destroyed
[2019.01.17-17.38.16:926][470]Cmd: OBJ SAVEPACKAGE PACKAGE="/Game/AI/TestAIEnemy/TestEnemy_Blackboard" FILE="../../../../../GitHub/ARPG_demoreel/ARPG_demoreel/Content/AI/TestAIEnemy/TestEnemy_Blackboard.uasset" SILENT=true
[2019.01.17-17.38.17:023][470]LogSavePackage: Moving '../../../../../GitHub/ARPG_demoreel/ARPG_demoreel/Saved/TestEnemy_BlackboardD6B23F6043A430FC33737EBD22424BFC.tmp' to '../../../../../GitHub/ARPG_demoreel/ARPG_demoreel/Content/AI/TestAIEnemy/TestEnemy_Blackboard.uasset'
[2019.01.17-17.38.17:056][470]Cmd: OBJ SAVEPACKAGE PACKAGE="/Game/AI/TestAIEnemy/TestEnemy_BT" FILE="../../../../../GitHub/ARPG_demoreel/ARPG_demoreel/Content/AI/TestAIEnemy/TestEnemy_BT.uasset" SILENT=true
[2019.01.17-17.38.17:069][470]LogSavePackage: Moving '../../../../../GitHub/ARPG_demoreel/ARPG_demoreel/Saved/TestEnemy_BT7334D90D4755F763CECACBA07E8886B4.tmp' to '../../../../../GitHub/ARPG_demoreel/ARPG_demoreel/Content/AI/TestAIEnemy/TestEnemy_BT.uasset'
[2019.01.17-17.38.18:046][580]LogAssetEditorManager: Opening Asset editor for BlackboardData /Game/AI/TestAIEnemy/TestEnemy_Blackboard.TestEnemy_Blackboard
[2019.01.17-17.38.22:186][ 72]LogSlate: Window 'TestEnemy_Blackboard' being destroyed
[2019.01.17-17.38.22:190][ 72]LogSlate: Window 'TestEnemy_Blackboard' being destroyed
[2019.01.17-17.38.23:077][177]LogAssetEditorManager: Opening Asset editor for BehaviorTree /Game/AI/TestAIEnemy/TestEnemy_BT.TestEnemy_BT
[2019.01.17-17.40.40:532][534]Cmd: OBJ SAVEPACKAGE PACKAGE="/Game/AI/TestAIEnemy/TestEnemy_Blackboard" FILE="../../../../../GitHub/ARPG_demoreel/ARPG_demoreel/Content/AI/TestAIEnemy/TestEnemy_Blackboard.uasset" SILENT=true
[2019.01.17-17.40.40:592][534]LogSavePackage: Moving '../../../../../GitHub/ARPG_demoreel/ARPG_demoreel/Saved/TestEnemy_BlackboardF0CE83944768CC819A583AA7C0121B20.tmp' to '../../../../../GitHub/ARPG_demoreel/ARPG_demoreel/Content/AI/TestAIEnemy/TestEnemy_Blackboard.uasset'
[2019.01.17-17.40.40:595][534]Cmd: OBJ SAVEPACKAGE PACKAGE="/Game/AI/TestAIEnemy/TestEnemy_BT" FILE="../../../../../GitHub/ARPG_demoreel/ARPG_demoreel/Content/AI/TestAIEnemy/TestEnemy_BT.uasset" SILENT=true
[2019.01.17-17.40.40:609][534]LogSavePackage: Moving '../../../../../GitHub/ARPG_demoreel/ARPG_demoreel/Saved/TestEnemy_BT6A8C4382464EF76443D8F5BF74B7DF05.tmp' to '../../../../../GitHub/ARPG_demoreel/ARPG_demoreel/Content/AI/TestAIEnemy/TestEnemy_BT.uasset'
[2019.01.17-17.42.53:451][926]Cmd: OBJ SAVEPACKAGE PACKAGE="/Game/AI/TestAIEnemy/TestEnemy_BT" FILE="../../../../../GitHub/ARPG_demoreel/ARPG_demoreel/Content/AI/TestAIEnemy/TestEnemy_BT.uasset" SILENT=true
[2019.01.17-17.42.53:454][926]LogSavePackage: Moving '../../../../../GitHub/ARPG_demoreel/ARPG_demoreel/Saved/TestEnemy_BTE31342F6498EC15B27EAE0929EEA989F.tmp' to '../../../../../GitHub/ARPG_demoreel/ARPG_demoreel/Content/AI/TestAIEnemy/TestEnemy_BT.uasset'
[2019.01.17-17.43.43:025][200]LogSlate: Window 'Pick Parent Class' being destroyed
[2019.01.17-17.44.08:633][ 88]LogSlate: Window 'Delete Assets' being destroyed
[2019.01.17-17.44.13:307][384]LogSlate: Window 'Pick Parent Class' being destroyed
[2019.01.17-17.44.21:356][346]LogPackageName: SearchForPackageOnDisk took   0.000s, but failed to resolve /Game/AI/TestAIEnemy/TestEnemy_AI.
[2019.01.17-17.44.36:220][943]LogSlate: Window 'Pick Parent Class' being destroyed
[2019.01.17-17.44.49:822][573]LogPackageName: SearchForPackageOnDisk took   0.000s, but failed to resolve /Game/AI/TestAIEnemy/TestEnemy_Controller.
[2019.01.17-17.44.51:654][791]Cmd: OBJ SAVEPACKAGE PACKAGE="/Game/AI/TestAIEnemy/TestEnemy_Controller" FILE="../../../../../GitHub/ARPG_demoreel/ARPG_demoreel/Content/AI/TestAIEnemy/TestEnemy_Controller.uasset" SILENT=true
[2019.01.17-17.44.51:681][791]LogSavePackage: Moving '../../../../../GitHub/ARPG_demoreel/ARPG_demoreel/Saved/TestEnemy_ControllerD5EDA55B42605572A200C58C097A90BA.tmp' to '../../../../../GitHub/ARPG_demoreel/ARPG_demoreel/Content/AI/TestAIEnemy/TestEnemy_Controller.uasset'
[2019.01.17-17.44.51:684][791]Cmd: OBJ SAVEPACKAGE PACKAGE="/Game/AI/TestAIEnemy/TestEnemy_AI" FILE="../../../../../GitHub/ARPG_demoreel/ARPG_demoreel/Content/AI/TestAIEnemy/TestEnemy_AI.uasset" SILENT=true
[2019.01.17-17.44.51:713][791]LogSavePackage: Moving '../../../../../GitHub/ARPG_demoreel/ARPG_demoreel/Saved/TestEnemy_AIDC98D7BD4D9372FD403676B28B2014B4.tmp' to '../../../../../GitHub/ARPG_demoreel/ARPG_demoreel/Content/AI/TestAIEnemy/TestEnemy_AI.uasset'
[2019.01.17-17.44.51:836][804]LogPackageName: SearchForPackageOnDisk took   0.000s to resolve /Game/AI/TestAIEnemy/TestEnemy_Controller.
[2019.01.17-17.44.51:838][804]LogPackageName: SearchForPackageOnDisk took   0.000s to resolve /Game/AI/TestAIEnemy/TestEnemy_AI.
[2019.01.17-17.45.20:122][169]LogSlate: Window 'Pick Parent Class' being destroyed
[2019.01.17-17.45.20:883][258]LogPackageName: SearchForPackageOnDisk took   0.000s, but failed to resolve /Game/AI/TestAIEnemy/NewBlueprint.
[2019.01.17-17.45.23:473][429]LogSlate: Window 'Delete Assets' being destroyed
[2019.01.17-17.45.33:337][575]LogMetaData: Removing '/Game/AI/TestAIEnemy/TestEnemy_Controller.TestEnemy_Controller:UserConstructionScript.K2Node_FunctionEntry_0' ref from Metadata '/Game/AI/TestAIEnemy/NewBlueprint.PackageMetaData'
[2019.01.17-17.45.33:337][575]LogMetaData: Removing '/Game/AI/TestAIEnemy/TestEnemy_Controller.SKEL_TestEnemy_Controller_C' ref from Metadata '/Game/AI/TestAIEnemy/NewBlueprint.PackageMetaData'
[2019.01.17-17.45.33:337][575]LogMetaData: Removing '/Game/AI/TestAIEnemy/TestEnemy_Controller.TestEnemy_Controller_C' ref from Metadata '/Game/AI/TestAIEnemy/NewBlueprint.PackageMetaData'
[2019.01.17-17.45.33:337][575]LogMetaData: Removing '/Game/AI/TestAIEnemy/TestEnemy_Controller.TestEnemy_Controller:EventGraph.K2Node_Event_0' ref from Metadata '/Game/AI/TestAIEnemy/NewBlueprint.PackageMetaData'
[2019.01.17-17.45.33:337][575]LogMetaData: Removing '/Game/AI/TestAIEnemy/TestEnemy_Controller.TestEnemy_Controller:EventGraph.K2Node_Event_1' ref from Metadata '/Game/AI/TestAIEnemy/NewBlueprint.PackageMetaData'
[2019.01.17-17.45.33:349][575]Cmd: OBJ SAVEPACKAGE PACKAGE="/Game/AI/TestAIEnemy/TestEnemy_Controller" FILE="../../../../../GitHub/ARPG_demoreel/ARPG_demoreel/Content/AI/TestAIEnemy/TestEnemy_Controller.uasset" SILENT=true
[2019.01.17-17.45.33:353][575]LogSavePackage: Moving '../../../../../GitHub/ARPG_demoreel/ARPG_demoreel/Saved/TestEnemy_Controller2F0432AD49B137BF97847392096DD698.tmp' to '../../../../../GitHub/ARPG_demoreel/ARPG_demoreel/Content/AI/TestAIEnemy/TestEnemy_Controller.uasset'
[2019.01.17-17.45.33:725][584]LogPackageName: SearchForPackageOnDisk took   0.000s to resolve /Game/AI/TestAIEnemy/TestEnemy_Controller.
[2019.01.17-17.45.37:624][ 51]LogAssetEditorManager: Opening Asset editor for Blueprint /Game/AI/TestAIEnemy/TestEnemy_Controller.TestEnemy_Controller
[2019.01.17-17.45.39:359][200]LogSlate: Window 'TestEnemy_Controller' being destroyed
[2019.01.17-17.45.39:363][200]LogSlate: Window 'TestEnemy_Controller' being destroyed
[2019.01.17-17.45.40:093][278]LogAssetEditorManager: Opening Asset editor for Blueprint /Game/AI/TestAIEnemy/TestEnemy_AI.TestEnemy_AI
[2019.01.17-17.45.45:720][898]LogSlate: Prevented a slow task dialog from being summoned while a context menu was open
[2019.01.17-17.45.55:995][117]Cmd: OBJ SAVEPACKAGE PACKAGE="/Game/AI/TestAIEnemy/TestEnemy_AI" FILE="../../../../../GitHub/ARPG_demoreel/ARPG_demoreel/Content/AI/TestAIEnemy/TestEnemy_AI.uasset" SILENT=true
[2019.01.17-17.45.56:013][117]LogSavePackage: Moving '../../../../../GitHub/ARPG_demoreel/ARPG_demoreel/Saved/TestEnemy_AIB9F5D650465DFB9E90AD458D8A964FF5.tmp' to '../../../../../GitHub/ARPG_demoreel/ARPG_demoreel/Content/AI/TestAIEnemy/TestEnemy_AI.uasset'
[2019.01.17-17.45.57:120][247]LogSlate: Window 'TestEnemy_AI' being destroyed
[2019.01.17-17.45.57:123][247]LogSlate: Window 'TestEnemy_AI' being destroyed
[2019.01.17-17.45.57:849][327]LogAssetEditorManager: Opening Asset editor for Blueprint /Game/AI/TestAIEnemy/TestEnemy_Controller.TestEnemy_Controller
[2019.01.17-17.46.05:250][188]LogSlate: Window 'TestEnemy_Controller' being destroyed
[2019.01.17-17.46.05:305][188]LogAssetEditorManager: Opening Asset editor for Blueprint /Game/AI/TestAIEnemy/TestEnemy_Controller.TestEnemy_Controller
[2019.01.17-17.46.08:713][550]LogSlate: Window 'TestEnemy_Controller' being destroyed
[2019.01.17-17.46.08:717][550]LogSlate: Window 'TestEnemy_Controller' being destroyed
[2019.01.17-17.46.18:387][604]LogAssetEditorManager: Opening Asset editor for Blueprint /Game/AI/TestAIEnemy/TestEnemy_AI.TestEnemy_AI
[2019.01.17-17.46.18:572][604]LogTabManager: Warning: Cannot spawn tab because no spawner is registered for 'CompilerResults'
[2019.01.17-17.46.20:887][873]LogSlate: Window 'CompilerResults' being destroyed
[2019.01.17-17.46.20:890][873]LogSlate: Window 'CompilerResults' being destroyed
[2019.01.17-17.46.22:217][ 32]LogSlate: Window 'TestEnemy_AI' being destroyed
[2019.01.17-17.46.22:273][ 32]LogAssetEditorManager: Opening Asset editor for Blueprint /Game/AI/TestAIEnemy/TestEnemy_AI.TestEnemy_AI
[2019.01.17-17.46.23:528][137]BlueprintLog: New page: Compile TestEnemy_AI
[2019.01.17-17.48.21:736][698]LogAssetEditorManager: Opening Asset editor for Blueprint /Game/AI/TestAIEnemy/TestEnemy_Controller.TestEnemy_Controller
[2019.01.17-17.48.54:872][822]LogSlate: Prevented a slow task dialog from being summoned while a context menu was open
[2019.01.17-17.49.29:955][966]LogSlate: FSceneViewport::OnFocusLost() reason 0
[2019.01.17-17.49.30:023][974]BlueprintLog: New page: Compile TestEnemy_Controller
[2019.01.17-17.52.14:041][237]Cmd: OBJ SAVEPACKAGE PACKAGE="/Game/AI/TestAIEnemy/TestEnemy_AI" FILE="../../../../../GitHub/ARPG_demoreel/ARPG_demoreel/Content/AI/TestAIEnemy/TestEnemy_AI.uasset" SILENT=true
[2019.01.17-17.52.14:287][237]LogSavePackage: Moving '../../../../../GitHub/ARPG_demoreel/ARPG_demoreel/Saved/TestEnemy_AID7FE19E64F86A048D93B969D130A5304.tmp' to '../../../../../GitHub/ARPG_demoreel/ARPG_demoreel/Content/AI/TestAIEnemy/TestEnemy_AI.uasset'
[2019.01.17-17.52.14:296][237]Cmd: OBJ SAVEPACKAGE PACKAGE="/Game/AI/TestAIEnemy/TestEnemy_Controller" FILE="../../../../../GitHub/ARPG_demoreel/ARPG_demoreel/Content/AI/TestAIEnemy/TestEnemy_Controller.uasset" SILENT=true
[2019.01.17-17.52.14:303][237]LogSavePackage: Moving '../../../../../GitHub/ARPG_demoreel/ARPG_demoreel/Saved/TestEnemy_Controller0DFAEFA4481689025434AC86F8137BDB.tmp' to '../../../../../GitHub/ARPG_demoreel/ARPG_demoreel/Content/AI/TestAIEnemy/TestEnemy_Controller.uasset'
[2019.01.17-17.52.18:702][571]LogAssetEditorManager: Opening Asset editor for BlackboardData /Game/AI/TestAIEnemy/TestEnemy_Blackboard.TestEnemy_Blackboard
[2019.01.17-17.52.21:624][913]LogAssetEditorManager: Opening Asset editor for BehaviorTree /Game/AI/TestAIEnemy/TestEnemy_BT.TestEnemy_BT
[2019.01.17-17.54.14:786][734]LogAssetEditorManager: Opening Asset editor for Blueprint /Game/AI/TestAIEnemy/BTTask_BlueprintBase_New.BTTask_BlueprintBase_New
[2019.01.17-17.54.14:996][734]LogPackageName: SearchForPackageOnDisk took   0.000s, but failed to resolve /Game/AI/TestAIEnemy/BTTask_BlueprintBase_New.
[2019.01.17-17.54.21:769][422]LogSlate: Window 'Delete Assets' being destroyed
[2019.01.17-17.56.11:661][239]LogEditorViewport: Clicking on Actor (LMB): TextRenderActor (TemplateLabel)
[2019.01.17-17.56.57:626][625]LogSlate: FSceneViewport::OnFocusLost() reason 0
[2019.01.17-17.57.08:175][816]Cmd: OBJ SAVEPACKAGE PACKAGE="/Game/AI/TestAIEnemy/TestEnemy_AI" FILE="../../../../../GitHub/ARPG_demoreel/ARPG_demoreel/Content/AI/TestAIEnemy/TestEnemy_AI.uasset" SILENT=true
[2019.01.17-17.57.08:211][816]LogSavePackage: Moving '../../../../../GitHub/ARPG_demoreel/ARPG_demoreel/Saved/TestEnemy_AIAF1816FB43F7A9BD37AF109086FC876E.tmp' to '../../../../../GitHub/ARPG_demoreel/ARPG_demoreel/Content/AI/TestAIEnemy/TestEnemy_AI.uasset'
[2019.01.17-17.57.09:542][962]BlueprintLog: New page: Compile TestEnemy_AI
[2019.01.17-17.57.36:194][958]LogSlate: FSceneViewport::OnFocusLost() reason 0
[2019.01.17-17.57.51:141][662]LogSlate: FSceneViewport::OnFocusLost() reason 0
[2019.01.17-17.58.00:851][702]LogSlate: FSceneViewport::OnFocusLost() reason 2
[2019.01.17-17.58.00:865][702]Cmd: OBJ SAVEPACKAGE PACKAGE="/Game/AI/TestAIEnemy/TestEnemy_AI" FILE="../../../../../GitHub/ARPG_demoreel/ARPG_demoreel/Content/AI/TestAIEnemy/TestEnemy_AI.uasset" SILENT=true
[2019.01.17-17.58.00:907][702]LogSavePackage: Moving '../../../../../GitHub/ARPG_demoreel/ARPG_demoreel/Saved/TestEnemy_AI955F17A34D18C86A2EEE42ABEFE642C1.tmp' to '../../../../../GitHub/ARPG_demoreel/ARPG_demoreel/Content/AI/TestAIEnemy/TestEnemy_AI.uasset'
[2019.01.17-17.58.01:422][761]BlueprintLog: New page: Compile TestEnemy_AI
[2019.01.17-17.58.15:480][368]LogSlate: Prevented a slow task dialog from being summoned while a context menu was open
[2019.01.17-17.58.23:679][321]BlueprintLog: New page: Compile TestEnemy_AI
[2019.01.17-17.58.54:748][905]LogSlate: FSceneViewport::OnFocusLost() reason 0
[2019.01.17-17.58.58:539][339]BlueprintLog: New page: Compile TestEnemy_AI
[2019.01.17-18.00.28:879][767]LogSlate: FSceneViewport::OnFocusLost() reason 0
[2019.01.17-18.00.28:945][775]BlueprintLog: New page: Compile TestEnemy_AI
[2019.01.17-18.02.04:157][973]LogSlate: Prevented a slow task dialog from being summoned while a context menu was open
[2019.01.17-18.02.40:714][351]Cmd: OBJ SAVEPACKAGE PACKAGE="/Game/AI/TestAIEnemy/TestEnemy_Blackboard" FILE="../../../../../GitHub/ARPG_demoreel/ARPG_demoreel/Content/AI/TestAIEnemy/TestEnemy_Blackboard.uasset" SILENT=true
[2019.01.17-18.02.40:717][351]LogSavePackage: Moving '../../../../../GitHub/ARPG_demoreel/ARPG_demoreel/Saved/TestEnemy_Blackboard20B8D7994FC06D3ED3AC92826B6F5B29.tmp' to '../../../../../GitHub/ARPG_demoreel/ARPG_demoreel/Content/AI/TestAIEnemy/TestEnemy_Blackboard.uasset'
[2019.01.17-18.02.48:236][233]Cmd: OBJ SAVEPACKAGE PACKAGE="/Game/AI/TestAIEnemy/TestEnemy_AI" FILE="../../../../../GitHub/ARPG_demoreel/ARPG_demoreel/Content/AI/TestAIEnemy/TestEnemy_AI.uasset" SILENT=true
[2019.01.17-18.02.48:251][233]LogSavePackage: Moving '../../../../../GitHub/ARPG_demoreel/ARPG_demoreel/Saved/TestEnemy_AIC7B70B1E4356A9CE864C9FB3E2E5D282.tmp' to '../../../../../GitHub/ARPG_demoreel/ARPG_demoreel/Content/AI/TestAIEnemy/TestEnemy_AI.uasset'
[2019.01.17-18.03.04:770][162]Cmd: OBJ SAVEPACKAGE PACKAGE="/Game/AI/TestAIEnemy/TestEnemy_Controller" FILE="../../../../../GitHub/ARPG_demoreel/ARPG_demoreel/Content/AI/TestAIEnemy/TestEnemy_Controller.uasset" SILENT=true
[2019.01.17-18.03.04:791][162]LogSavePackage: Moving '../../../../../GitHub/ARPG_demoreel/ARPG_demoreel/Saved/TestEnemy_Controller8F1596674C91CFD47509C9BE8BDFCF45.tmp' to '../../../../../GitHub/ARPG_demoreel/ARPG_demoreel/Content/AI/TestAIEnemy/TestEnemy_Controller.uasset'
[2019.01.17-18.12.36:012][264]LogSlate: Took 0.013483 seconds to synchronously load lazily loaded font '../../../Engine/Content/Slate/Fonts/Roboto-BoldCondensedItalic.ttf' (160K)
[2019.01.17-18.14.48:819][789]Cmd: OBJ SAVEPACKAGE PACKAGE="/Game/AI/TestAIEnemy/TestEnemy_Controller" FILE="../../../../../GitHub/ARPG_demoreel/ARPG_demoreel/Content/AI/TestAIEnemy/TestEnemy_Controller.uasset" SILENT=true
[2019.01.17-18.14.48:832][789]LogSavePackage: Moving '../../../../../GitHub/ARPG_demoreel/ARPG_demoreel/Saved/TestEnemy_Controller33D2F921471D7E9B031765ADD8F41441.tmp' to '../../../../../GitHub/ARPG_demoreel/ARPG_demoreel/Content/AI/TestAIEnemy/TestEnemy_Controller.uasset'
[2019.01.17-18.15.02:654][410]Cmd: OBJ SAVEPACKAGE PACKAGE="/Game/AI/TestAIEnemy/TestEnemy_Controller" FILE="../../../../../GitHub/ARPG_demoreel/ARPG_demoreel/Content/AI/TestAIEnemy/TestEnemy_Controller.uasset" SILENT=true
[2019.01.17-18.15.02:664][410]LogSavePackage: Moving '../../../../../GitHub/ARPG_demoreel/ARPG_demoreel/Saved/TestEnemy_ControllerB7DEA20C48B50DA8D6682382E736C7DD.tmp' to '../../../../../GitHub/ARPG_demoreel/ARPG_demoreel/Content/AI/TestAIEnemy/TestEnemy_Controller.uasset'
[2019.01.17-18.16.39:371][ 33]BlueprintLog: New page: Compile TestEnemy_Controller
[2019.01.17-18.17.16:700][885]LogSlate: FSceneViewport::OnFocusLost() reason 0
[2019.01.17-18.17.18:887][112]LogEditorViewport: Clicking on Actor (LMB): StaticMeshActor (Floor)
[2019.01.17-18.17.19:543][186]LogEditorViewport: Clicking on Actor (LMB): StaticMeshActor (Floor)
[2019.01.17-18.17.19:906][225]LogSlate: FSceneViewport::OnFocusLost() reason 2
[2019.01.17-18.17.20:208][225]LogSavePackage: Moving '../../../../../GitHub/ARPG_demoreel/ARPG_demoreel/Saved/TopDownExampleMapC86D7EB54EB10311F596CDB17C7E2601.tmp' to '../../../../../GitHub/ARPG_demoreel/ARPG_demoreel/Content/TopDownCPP/Maps/TopDownExampleMap.umap'
[2019.01.17-18.17.20:241][225]LogFileHelpers: Saving map 'TopDownExampleMap' took 0.331
[2019.01.17-18.20.31:828][644]LogEditorViewport: Clicking on Actor (LMB): StaticMeshActor (Cube23)
[2019.01.17-18.20.33:162][799]LogSlate: FSceneViewport::OnFocusLost() reason 0
[2019.01.17-18.20.36:345][148]LogBlueprintUserMessages: Early PlayInEditor Detection: Level '/Game/TopDownCPP/Maps/TopDownExampleMap.TopDownExampleMap:PersistentLevel' has LevelScriptBlueprint '/Game/TopDownCPP/Maps/TopDownExampleMap.TopDownExampleMap:PersistentLevel.TopDownExampleMap' with GeneratedClass '/Game/TopDownCPP/Maps/TopDownExampleMap.TopDownExampleMap_C' with ClassGeneratedBy '/Game/TopDownCPP/Maps/TopDownExampleMap.TopDownExampleMap:PersistentLevel.TopDownExampleMap'
[2019.01.17-18.20.36:381][148]LogPlayLevel: PlayLevel: No blueprints needed recompiling
[2019.01.17-18.20.36:455][148]PIE: New page: SIE session: TopDownExampleMap (17 jan 2019 20:20:36)
[2019.01.17-18.20.36:543][148]LogPlayLevel: Creating play world package: /Game/TopDownCPP/Maps/UEDPIE_0_TopDownExampleMap
[2019.01.17-18.20.36:585][148]LogPlayLevel: PIE: StaticDuplicateObject took: (0.041107s)
[2019.01.17-18.20.36:585][148]LogAIModule: Creating AISystem for world TopDownExampleMap
[2019.01.17-18.20.36:602][148]LogPlayLevel: PIE: World Init took: (0.016821s)
[2019.01.17-18.20.36:602][148]LogPlayLevel: PIE: Created PIE world by copying editor world from /Game/TopDownCPP/Maps/TopDownExampleMap.TopDownExampleMap to /Game/TopDownCPP/Maps/UEDPIE_0_TopDownExampleMap.TopDownExampleMap (0.058309s)
[2019.01.17-18.20.36:678][148]LogInit: XAudio2 using 'Realtek Digital Output (Realtek High Definition Audio)' : 2 channels at 48 kHz using 16 bits per sample (channel mask 0x3)
[2019.01.17-18.20.36:720][148]LogInit: FAudioDevice initialized.
[2019.01.17-18.20.36:787][148]LogLoad: Game class is 'ARPG_demoreelGameMode'
[2019.01.17-18.20.36:915][148]LogWorld: Bringing World /Game/TopDownCPP/Maps/UEDPIE_0_TopDownExampleMap.TopDownExampleMap up for play (max tick rate 0) at 2019.01.17-19.20.36
[2019.01.17-18.20.37:101][148]LogWorld: Bringing up level for play took: 0.197065
[2019.01.17-18.20.37:263][148]LogContentBrowser: Native class hierarchy updated for 'MovieSceneCapture' in 0.0012 seconds. Added 20 classes and 0 folders.
[2019.01.17-18.20.37:305][148]PIE: Play in editor start time for /Game/TopDownCPP/Maps/UEDPIE_0_TopDownExampleMap 1,73
[2019.01.17-18.20.37:487][148]LogBlueprintUserMessages: Late PlayInEditor Detection: Level '/Game/TopDownCPP/Maps/TopDownExampleMap.TopDownExampleMap:PersistentLevel' has LevelScriptBlueprint '/Game/TopDownCPP/Maps/TopDownExampleMap.TopDownExampleMap:PersistentLevel.TopDownExampleMap' with GeneratedClass '/Game/TopDownCPP/Maps/TopDownExampleMap.TopDownExampleMap_C' with ClassGeneratedBy '/Game/TopDownCPP/Maps/TopDownExampleMap.TopDownExampleMap:PersistentLevel.TopDownExampleMap'
[2019.01.17-18.20.45:899][104]LogSlate: FSceneViewport::OnFocusLost() reason 2
[2019.01.17-18.20.48:484][411]LogSlate: FSceneViewport::OnFocusLost() reason 2
[2019.01.17-18.20.48:779][440]LogSlate: FSceneViewport::OnFocusLost() reason 2
[2019.01.17-18.20.48:837][446]LogSlate: FSceneViewport::OnFocusLost() reason 2
[2019.01.17-18.21.14:477][503]LogEditorViewport: Clicking on Actor (LMB): StaticMeshActor (Floor)
[2019.01.17-18.21.15:850][640]LogEditorViewport: Clicking on Actor (LMB): StaticMeshActor (Floor)
[2019.01.17-18.21.18:407][924]LogEditorViewport: Clicking on Actor (LMB): TestEnemy_AI_C (TestEnemy_AI)
[2019.01.17-18.21.58:670][ 91]LogSlate: FSceneViewport::OnFocusLost() reason 0
[2019.01.17-23.02.56:324][258]LogSlate: FSceneViewport::OnFocusLost() reason 0
[2019.01.17-23.02.57:096][258]LogActorComponent: UnregisterComponent: (/Engine/Transient.EditorFloorComp) Not registered. Aborting.
[2019.01.17-23.02.57:224][258]LogSlate: Window 'TestEnemy_BT' being destroyed
[2019.01.17-23.02.57:243][258]LogSlate: Window 'ARPG_demoreel - Unreal Editor' being destroyed
[2019.01.17-23.02.57:244][258]LogWindowsTextInputMethodSystem: Display: IME system now deactivated.
[2019.01.17-23.02.57:448][258]LogBlueprintUserMessages: Early EndPlayMap Detection: Level '/Game/TopDownCPP/Maps/TopDownExampleMap.TopDownExampleMap:PersistentLevel' has LevelScriptBlueprint '/Game/TopDownCPP/Maps/TopDownExampleMap.TopDownExampleMap:PersistentLevel.TopDownExampleMap' with GeneratedClass '/Game/TopDownCPP/Maps/TopDownExampleMap.TopDownExampleMap_C' with ClassGeneratedBy '/Game/TopDownCPP/Maps/TopDownExampleMap.TopDownExampleMap:PersistentLevel.TopDownExampleMap'
[2019.01.17-23.02.57:497][258]LogSlate: Updating window title bar state: overlay mode, drag disabled, window buttons hidden, title bar hidden
[2019.01.17-23.02.57:610][258]LogPlayLevel: Display: Shutting down PIE online subsystems
[2019.01.17-23.02.57:617][258]LogBlueprintUserMessages: Late EndPlayMap Detection: Level '/Game/TopDownCPP/Maps/TopDownExampleMap.TopDownExampleMap:PersistentLevel' has LevelScriptBlueprint '/Game/TopDownCPP/Maps/TopDownExampleMap.TopDownExampleMap:PersistentLevel.TopDownExampleMap' with GeneratedClass '/Game/TopDownCPP/Maps/TopDownExampleMap.TopDownExampleMap_C' with ClassGeneratedBy '/Game/TopDownCPP/Maps/TopDownExampleMap.TopDownExampleMap:PersistentLevel.TopDownExampleMap'
[2019.01.17-23.02.57:716][258]LogSlate: Updating window title bar state: overlay mode, drag disabled, window buttons hidden, title bar hidden
[2019.01.17-23.02.58:044][259]Cmd: QUIT_EDITOR
[2019.01.17-23.02.58:894][259]LogExit: Preparing to exit.
[2019.01.17-23.02.59:357][259]LogActorComponent: UnregisterComponent: (None.None) Not registered. Aborting.
[2019.01.17-23.02.59:357][259]LogActorComponent: UnregisterComponent: (None.None) Not registered. Aborting.
[2019.01.17-23.02.59:357][259]LogActorComponent: UnregisterComponent: (None.None) Not registered. Aborting.
[2019.01.17-23.02.59:357][259]LogActorComponent: UnregisterComponent: (None.None) Not registered. Aborting.
[2019.01.17-23.02.59:357][259]LogActorComponent: UnregisterComponent: (None.None) Not registered. Aborting.
[2019.01.17-23.02.59:357][259]LogActorComponent: UnregisterComponent: (None.None) Not registered. Aborting.
[2019.01.17-23.02.59:357][259]LogActorComponent: UnregisterComponent: (None.None) Not registered. Aborting.
[2019.01.17-23.02.59:361][259]LogActorComponent: UnregisterComponent: (None.None) Not registered. Aborting.
[2019.01.17-23.02.59:361][259]LogActorComponent: UnregisterComponent: (None.None) Not registered. Aborting.
[2019.01.17-23.02.59:361][259]LogActorComponent: UnregisterComponent: (None.None) Not registered. Aborting.
[2019.01.17-23.02.59:361][259]LogActorComponent: UnregisterComponent: (None.None) Not registered. Aborting.
[2019.01.17-23.02.59:361][259]LogActorComponent: UnregisterComponent: (None.None) Not registered. Aborting.
[2019.01.17-23.02.59:361][259]LogActorComponent: UnregisterComponent: (None.None) Not registered. Aborting.
[2019.01.17-23.02.59:361][259]LogActorComponent: UnregisterComponent: (None.None) Not registered. Aborting.
[2019.01.17-23.02.59:362][259]LogActorComponent: UnregisterComponent: (None.None) Not registered. Aborting.
[2019.01.17-23.02.59:362][259]LogActorComponent: UnregisterComponent: (None.None) Not registered. Aborting.
[2019.01.17-23.02.59:362][259]LogActorComponent: UnregisterComponent: (None.None) Not registered. Aborting.
[2019.01.17-23.02.59:362][259]LogActorComponent: UnregisterComponent: (None.None) Not registered. Aborting.
[2019.01.17-23.02.59:362][259]LogActorComponent: UnregisterComponent: (None.None) Not registered. Aborting.
[2019.01.17-23.02.59:362][259]LogActorComponent: UnregisterComponent: (None.None) Not registered. Aborting.
[2019.01.17-23.02.59:362][259]LogActorComponent: UnregisterComponent: (None.None) Not registered. Aborting.
[2019.01.17-23.02.59:602][259]LogExit: Editor shut down
[2019.01.17-23.02.59:603][259]LogExit: Transaction tracking system shut down
